------Start of DE processing------ = [7/20/18 8:31:00:959 PDT]
Exception = java.lang.IllegalStateException
Source = com.ibm.ws.artifact.loose.internal.LooseArtifactNotifier
probeid = 383
Stack Dump = java.lang.IllegalStateException: The service has been unregistered
	at org.eclipse.osgi.internal.serviceregistry.ServiceRegistrationImpl.unregister(ServiceRegistrationImpl.java:206)
	at com.ibm.ws.artifact.loose.internal.LooseArtifactNotifier.updateNonRecurseFileMonitorService(LooseArtifactNotifier.java:382)
	at com.ibm.ws.artifact.loose.internal.LooseArtifactNotifier.updateFileMonitorService(LooseArtifactNotifier.java:290)
	at com.ibm.ws.artifact.loose.internal.LooseArtifactNotifier.processMonitoredPathList(LooseArtifactNotifier.java:238)
	at com.ibm.ws.artifact.loose.internal.LooseArtifactNotifier.removeListener(LooseArtifactNotifier.java:265)
	at com.ibm.ws.artifact.overlay.internal.DirectoryBasedOverlayNotifier.removeListener(DirectoryBasedOverlayNotifier.java:176)
	at com.ibm.ws.adaptable.module.internal.NotifierImpl.removeListener(NotifierImpl.java:87)
	at com.ibm.ws.app.manager.internal.monitor.ApplicationMonitor$BaseApplicationListener.stop(ApplicationMonitor.java:364)
	at com.ibm.ws.app.manager.internal.monitor.ApplicationMonitor$BaseApplicationListener.access$300(ApplicationMonitor.java:321)
	at com.ibm.ws.app.manager.internal.monitor.ApplicationMonitor$ApplicationListeners.stopListeners(ApplicationMonitor.java:239)
	at com.ibm.ws.app.manager.internal.monitor.ApplicationMonitor$ApplicationListeners.access$000(ApplicationMonitor.java:201)
	at com.ibm.ws.app.manager.internal.monitor.ApplicationMonitor.deactivate(ApplicationMonitor.java:80)
	at sun.reflect.NativeMethodAccessorImpl.invoke0(Native Method)
	at sun.reflect.NativeMethodAccessorImpl.invoke(NativeMethodAccessorImpl.java:62)
	at sun.reflect.DelegatingMethodAccessorImpl.invoke(DelegatingMethodAccessorImpl.java:43)
	at java.lang.reflect.Method.invoke(Method.java:498)
	at org.apache.felix.scr.impl.inject.BaseMethod.invokeMethod(BaseMethod.java:224)
	at org.apache.felix.scr.impl.inject.BaseMethod.access$500(BaseMethod.java:39)
	at org.apache.felix.scr.impl.inject.BaseMethod$Resolved.invoke(BaseMethod.java:617)
	at org.apache.felix.scr.impl.inject.BaseMethod.invoke(BaseMethod.java:501)
	at org.apache.felix.scr.impl.inject.ActivateMethod.invoke(ActivateMethod.java:302)
	at org.apache.felix.scr.impl.inject.ActivateMethod.invoke(ActivateMethod.java:294)
	at org.apache.felix.scr.impl.manager.SingleComponentManager.disposeImplementationObject(SingleComponentManager.java:344)
	at org.apache.felix.scr.impl.manager.SingleComponentManager.deleteComponent(SingleComponentManager.java:153)
	at org.apache.felix.scr.impl.manager.AbstractComponentManager.doDeactivate(AbstractComponentManager.java:814)
	at org.apache.felix.scr.impl.manager.AbstractComponentManager.deactivateInternal(AbstractComponentManager.java:788)
	at org.apache.felix.scr.impl.manager.AbstractComponentManager.dispose(AbstractComponentManager.java:580)
	at org.apache.felix.scr.impl.manager.ConfigurableComponentHolder.disposeComponents(ConfigurableComponentHolder.java:706)
	at org.apache.felix.scr.impl.BundleComponentActivator.dispose(BundleComponentActivator.java:523)
	at org.apache.felix.scr.impl.Activator.disposeComponents(Activator.java:439)
	at org.apache.felix.scr.impl.Activator.access$300(Activator.java:54)
	at org.apache.felix.scr.impl.Activator$ScrExtension.destroy(Activator.java:293)
	at org.apache.felix.utils.extender.AbstractExtender$2.run(AbstractExtender.java:285)
	at java.util.concurrent.Executors$RunnableAdapter.call(Executors.java:511)
	at java.util.concurrent.FutureTask.run(FutureTask.java:266)
	at org.apache.felix.utils.extender.AbstractExtender.destroyExtension(AbstractExtender.java:307)
	at org.apache.felix.utils.extender.AbstractExtender.bundleChanged(AbstractExtender.java:181)
	at org.eclipse.osgi.internal.framework.BundleContextImpl.dispatchEvent(BundleContextImpl.java:908)
	at org.eclipse.osgi.framework.eventmgr.EventManager.dispatchEvent(EventManager.java:230)
	at org.eclipse.osgi.framework.eventmgr.ListenerQueue.dispatchEventSynchronous(ListenerQueue.java:148)
	at org.eclipse.osgi.internal.framework.EquinoxEventPublisher.publishBundleEventPrivileged(EquinoxEventPublisher.java:213)
	at org.eclipse.osgi.internal.framework.EquinoxEventPublisher.publishBundleEvent(EquinoxEventPublisher.java:120)
	at org.eclipse.osgi.internal.framework.EquinoxEventPublisher.publishBundleEvent(EquinoxEventPublisher.java:112)
	at org.eclipse.osgi.internal.framework.EquinoxContainerAdaptor.publishModuleEvent(EquinoxContainerAdaptor.java:168)
	at org.eclipse.osgi.container.Module.publishEvent(Module.java:476)
	at org.eclipse.osgi.container.Module.doStop(Module.java:634)
	at org.eclipse.osgi.container.Module.stop(Module.java:498)
	at org.eclipse.osgi.container.ModuleContainer$ContainerStartLevel.decStartLevel(ModuleContainer.java:1675)
	at org.eclipse.osgi.container.ModuleContainer$ContainerStartLevel.doContainerStartLevel(ModuleContainer.java:1594)
	at org.eclipse.osgi.container.SystemModule.stopWorker(SystemModule.java:270)
	at org.eclipse.osgi.internal.framework.EquinoxBundle$SystemBundle$EquinoxSystemModule.stopWorker(EquinoxBundle.java:147)
	at org.eclipse.osgi.container.Module.doStop(Module.java:636)
	at org.eclipse.osgi.container.Module.stop(Module.java:498)
	at org.eclipse.osgi.container.SystemModule.stop(SystemModule.java:202)
	at org.eclipse.osgi.internal.framework.EquinoxBundle$SystemBundle$EquinoxSystemModule$1.run(EquinoxBundle.java:165)
	at java.lang.Thread.run(Thread.java:748)

Dump of callerThis
Object type = com.ibm.ws.artifact.loose.internal.LooseArtifactNotifier
  root = class com.ibm.ws.artifact.loose.internal.LooseArchive@682347b9
    cacheDir = class java.io.File@55b4d28c
      fs = class java.io.UnixFileSystem@15228fb2
      path = "/home/ibmdemo/Student/workspace/microprofile/target/liberty/wlp/usr/servers/defaultServer/workarea/org.eclipse.osgi/59/data/cache/com.ibm.ws.app.manager_20"
      status = class java.io.File$PathStatus@6608bd13
      prefixLength = 1
      separatorChar = /
      separator = "/"
      pathSeparatorChar = :
      pathSeparator = ":"
      PATH_OFFSET = 16
      PREFIX_LENGTH_OFFSET = 12
      UNSAFE = class sun.misc.Unsafe@492dc1b7
      serialVersionUID = 301077366599181567
      filePath = null
      $assertionsDisabled = true
    xmlFile = class java.io.File@5aff67d1
      fs = class java.io.UnixFileSystem@15228fb2
      path = "/home/ibmdemo/Student/workspace/microprofile/target/liberty/wlp/usr/servers/defaultServer/apps/microprofile-1.0-SNAPSHOT.war.xml"
      status = class java.io.File$PathStatus@6608bd13
      prefixLength = 1
      separatorChar = /
      separator = "/"
      pathSeparatorChar = :
      pathSeparator = ":"
      PATH_OFFSET = 16
      PREFIX_LENGTH_OFFSET = 12
      UNSAFE = class sun.misc.Unsafe@492dc1b7
      serialVersionUID = 301077366599181567
      filePath = null
      $assertionsDisabled = true
    parent = null
    cfh = class com.ibm.ws.artifact.loose.internal.LooseContainerFactoryHelper@754ea921
      locationService = class com.ibm.ws.kernel.service.location.internal.WsLocationAdminImpl@72723e6e
      containerFactoryReference = class com.ibm.wsspi.kernel.service.utils.AtomicServiceReference@2719d8d8
      ctx = class org.eclipse.osgi.internal.framework.BundleContextImpl@3bab0567
      tc = class com.ibm.websphere.ras.TraceComponent@7ecfde70
      serialVersionUID = -6436244972857197695
    pathInParent = null
    _entries = class java.util.ArrayList@479689ec
    tc = class com.ibm.websphere.ras.TraceComponent@5d19a838
      strings[0] = "TraceComponent[com.ibm.ws.artifact.loose.internal.LooseArchive,class com.ibm.ws.artifact.loose.internal.LooseArchive,[archive.artifact.xml],com.ibm.ws.artifact.loose.internal.resources.LooseApiMessages,null]"
    artifactNotifier = class com.ibm.ws.artifact.loose.internal.LooseArtifactNotifier@34451320
    serialVersionUID = 345486831272892625
  entries = class java.util.ArrayList@479689ec
    serialVersionUID = 8683452581122892189
    DEFAULT_CAPACITY = 10
    EMPTY_ELEMENTDATA = class java.lang.Object[0]
    DEFAULTCAPACITY_EMPTY_ELEMENTDATA = class java.lang.Object[0]
    elementData = class java.lang.Object[10]
      Object[0] = class com.ibm.ws.artifact.loose.internal.LooseArchive$DirEntryInfo@704115f9
      Object[1] = class com.ibm.ws.artifact.loose.internal.LooseArchive$DirEntryInfo@34e2c6f4
      Object[2] = class com.ibm.ws.artifact.loose.internal.LooseArchive$DirEntryInfo@9ad54f6
      Object[3] = null
      Object[4] = null
      Object[5] = null
      Object[6] = null
      Object[7] = null
      Object[8] = null
      Object[9] = null
    size = 3
    MAX_ARRAY_SIZE = 2147483639
    modCount = 3
    MAX_ARRAY_SIZE = 2147483639
  serviceProperties = class java.util.Hashtable@5d269c9f
    table = class java.util.Hashtable$Entry[11]
      Entry[0] = class java.util.Hashtable$Entry@5995f9d6
      Entry[1] = null
      Entry[2] = null
      Entry[3] = null
      Entry[4] = null
      Entry[5] = class java.util.Hashtable$Entry@4f9fc57c
      Entry[6] = class java.util.Hashtable$Entry@7456c43e
      Entry[7] = class java.util.Hashtable$Entry@49811681
      Entry[8] = class java.util.Hashtable$Entry@3fac1d2e
      Entry[9] = class java.util.Hashtable$Entry@e299b82
      Entry[10] = class java.util.Hashtable$Entry@4c9cc94d
    count = 8
    threshold = 8
    loadFactor = 0.75
    modCount = 8
    serialVersionUID = 1421746759512286392
    MAX_ARRAY_SIZE = 2147483639
    keySet = null
    entrySet = null
    values = null
    KEYS = 0
    VALUES = 1
    ENTRIES = 2
  nonRecurseServiceProperties = class java.util.Hashtable@6e54650b
    table = class java.util.Hashtable$Entry[11]
      Entry[0] = class java.util.Hashtable$Entry@32a57efd
      Entry[1] = null
      Entry[2] = null
      Entry[3] = null
      Entry[4] = null
      Entry[5] = class java.util.Hashtable$Entry@5681cc5a
      Entry[6] = class java.util.Hashtable$Entry@3d57866e
      Entry[7] = class java.util.Hashtable$Entry@5ef11ba7
      Entry[8] = class java.util.Hashtable$Entry@47bad412
      Entry[9] = class java.util.Hashtable$Entry@1f0123a3
      Entry[10] = class java.util.Hashtable$Entry@1ee4b2db
    count = 8
    threshold = 8
    loadFactor = 0.75
    modCount = 8
    serialVersionUID = 1421746759512286392
    MAX_ARRAY_SIZE = 2147483639
    keySet = null
    entrySet = null
    values = null
    KEYS = 0
    VALUES = 1
    ENTRIES = 2
  interval = 500
  notificationType = "external"
  ctx = class org.eclipse.osgi.internal.framework.BundleContextImpl@3bab0567
    findHookName = "org.osgi.framework.hooks.bundle.FindHook"
    valid = false
    bundle = class org.eclipse.osgi.internal.framework.EquinoxBundle@4caa961d
      equinoxContainer = class org.eclipse.osgi.internal.framework.EquinoxContainer@70078770
      module = class org.eclipse.osgi.internal.framework.EquinoxBundle$EquinoxModule@4e44e9d4
      monitor = class java.lang.Object@d4b23b9
      context = null
      signerInfos = null
      $SWITCH_TABLE$org$eclipse$osgi$container$Module$State = {1,2,3,4,5,6,7} /* array length = 7 */
    container = class org.eclipse.osgi.internal.framework.EquinoxContainer@70078770
      NAME = "org.eclipse.osgi"
      secureAction = class org.eclipse.osgi.framework.util.SecureAction@2599c661
      equinoxConfig = class org.eclipse.osgi.internal.framework.EquinoxConfiguration@61467285
      logServices = class org.eclipse.osgi.internal.log.EquinoxLogServices@7e52b497
      storage = class org.eclipse.osgi.storage.Storage@51802cfb
      packageAdmin = class org.eclipse.osgi.internal.framework.legacy.PackageAdminImpl@3a414264
      startLevel = class org.eclipse.osgi.internal.framework.legacy.StartLevelImpl@6841cdf3
      bootDelegation = class java.util.HashSet@35c2a60
      bootDelegationStems = class java.lang.String[12]
      bootDelegateAll = false
      isProcessClassRecursionSupportedByAll = false
      eventPublisher = class org.eclipse.osgi.internal.framework.EquinoxEventPublisher@24c22fe
      monitor = class java.lang.Object@6389037f
      serviceRegistry = class org.eclipse.osgi.internal.serviceregistry.ServiceRegistry@68bb1d7e
      contextFinder = class org.eclipse.osgi.internal.framework.ContextFinder@7fdcd041
      signedContentFactory = class org.osgi.util.tracker.ServiceTracker@54174a8
      executor = class java.util.concurrent.ScheduledThreadPoolExecutor@67ac414a
      storageSaver = class org.eclipse.osgi.internal.framework.StorageSaver@6d8577a2
    debug = class org.eclipse.osgi.internal.debug.Debug@237d60fb
      ECLIPSE_OSGI = "org.eclipse.osgi"
      OPTION_DEBUG_GENERAL = "org.eclipse.osgi/debug"
      OPTION_DEBUG_BUNDLE_TIME = "org.eclipse.osgi/debug/bundleTime"
      OPTION_DEBUG_LOADER = "org.eclipse.osgi/debug/loader"
      OPTION_DEBUG_STORAGE = "org.eclipse.osgi/debug/storage"
      OPTION_DEBUG_EVENTS = "org.eclipse.osgi/debug/events"
      OPTION_DEBUG_SERVICES = "org.eclipse.osgi/debug/services"
      OPTION_DEBUG_HOOKS = "org.eclipse.osgi/debug/hooks"
      OPTION_DEBUG_MANIFEST = "org.eclipse.osgi/debug/manifest"
      OPTION_DEBUG_FILTER = "org.eclipse.osgi/debug/filter"
      OPTION_DEBUG_SECURITY = "org.eclipse.osgi/debug/security"
      OPTION_DEBUG_STARTLEVEL = "org.eclipse.osgi/debug/startlevel"
      OPTION_DEBUG_PACKAGEADMIN = "org.eclipse.osgi/debug/packageadmin"
      OPTION_DEBUG_PACKAGEADMIN_TIMING = "org.eclipse.osgi/debug/packageadmin/timing"
      OPTION_MONITOR_ACTIVATION = "org.eclipse.osgi/monitor/activation"
      OPTION_MONITOR_LAZY = "org.eclipse.osgi/monitor/lazy"
      OPTION_DEBUG_MESSAGE_BUNDLES = "org.eclipse.osgi/debug/messageBundles"
      OPTION_DEBUG_LOCATION = "org.eclipse.osgi/debug/location"
      OPTION_CACHED_MANIFEST = "org.eclipse.osgi/debug/cachedmanifest"
      OPTION_DEBUG_SYSTEM_BUNDLE = "org.eclipse.osgi/debug/systemBundle"
      DEBUG_GENERAL = false
      DEBUG_BUNDLE_TIME = false
      DEBUG_LOADER = false
      DEBUG_STORAGE = false
      DEBUG_EVENTS = false
      DEBUG_SERVICES = false
      DEBUG_HOOKS = false
      DEBUG_MANIFEST = false
      DEBUG_FILTER = false
      DEBUG_SECURITY = false
      DEBUG_STARTLEVEL = false
      DEBUG_PACKAGEADMIN = false
      DEBUG_PACKAGEADMIN_TIMING = false
      DEBUG_MESSAGE_BUNDLES = false
      MONITOR_ACTIVATION = false
      DEBUG_LOCATION = false
      DEBUG_CACHED_MANIFEST = false
      DEBUG_SYSTEM_BUNDLE = false
      out = class com.ibm.ws.logging.internal.impl.BaseTraceService$TeePrintStream@3544c91a
    servicesInUse = null
    activator = null
    contextLock = class java.lang.Object@2ea377fa
  service = null
  nonRecurseService = class org.eclipse.osgi.internal.serviceregistry.ServiceRegistrationImpl@71459e6a
    registry = class org.eclipse.osgi.internal.serviceregistry.ServiceRegistry@68bb1d7e
      SERVICEEVENT = 3
      findHookName = "org.osgi.framework.hooks.service.FindHook"
      eventHookName = "org.osgi.framework.hooks.service.EventHook"
      eventListenerHookName = "org.osgi.framework.hooks.service.EventListenerHook"
      listenerHookName = "org.osgi.framework.hooks.service.ListenerHook"
      publishedServicesByClass = class java.util.HashMap@7c479c39
      allPublishedServices = class java.util.ArrayList@10fc495a
      publishedServicesByContext = class java.util.HashMap@4b765c78
      serviceid = 570
      serviceEventListeners = class java.util.HashMap@2a80aaea
      initialCapacity = 50
      initialSubCapacity = 10
      container = class org.eclipse.osgi.internal.framework.EquinoxContainer@70078770
      systemBundleContext = class org.eclipse.osgi.internal.framework.BundleContextImpl@59e2d8e3
      debug = class org.eclipse.osgi.internal.debug.Debug@237d60fb
      $assertionsDisabled = true
    context = class org.eclipse.osgi.internal.framework.BundleContextImpl@3bab0567
    bundle = class org.eclipse.osgi.internal.framework.EquinoxBundle@4caa961d
    clazzes = class java.lang.String[1]
      String[0] = "com.ibm.wsspi.kernel.filemonitor.FileMonitor"
    service = class com.ibm.ws.artifact.loose.internal.LooseArtifactNotifier@34451320
    reference = null
    contextsUsing = class java.util.ArrayList@7cd2f31b
      serialVersionUID = 8683452581122892189
      DEFAULT_CAPACITY = 10
      EMPTY_ELEMENTDATA = class java.lang.Object[0]
      DEFAULTCAPACITY_EMPTY_ELEMENTDATA = class java.lang.Object[0]
      elementData = class java.lang.Object[10]
      size = 0
      MAX_ARRAY_SIZE = 2147483639
      modCount = 3
      MAX_ARRAY_SIZE = 2147483639
    properties = class java.util.Collections$UnmodifiableMap@65d4d94a
      serialVersionUID = -1034234728574286014
      m = class org.eclipse.osgi.internal.serviceregistry.ServiceProperties@52f2d2af
      keySet = null
      entrySet = null
      values = null
    serviceid = 552
    serviceranking = 0
    registrationLock = class java.lang.Object@507d7ead
    state = 2
    REGISTERED = 0
    UNREGISTERING = 1
    UNREGISTERED = 2
    FRAMEWORK_SET_SERVICE_PROPERTIES_COUNT = 4
    $assertionsDisabled = true
  filesToMonitor = class java.util.TreeMap@16d8347b
    comparator = class com.ibm.wsspi.kernel.service.utils.PathUtils$PathComparator@3fbdbc14
      serialVersionUID = 8845848986582493462
      PATH_SEPARATOR = /
      CMP_LT = -1
      CMP_GT = 1
    root = class java.util.TreeMap$Entry@51a0eb29
      key = "/"
      value = class java.util.HashSet@6220cc07
      left = null
      right = class java.util.TreeMap$Entry@42153519
      parent = null
      color = true
    size = 2
    modCount = 2
    entrySet = null
    navigableKeySet = null
    descendingMap = null
    UNBOUNDED = class java.lang.Object@7e8b0a69
    RED = false
    BLACK = true
    serialVersionUID = 919286545866124006
    keySet = null
    values = null
  filesBeingMonitored = class java.util.HashSet@3799cab8
    serialVersionUID = -5024744406713321676
    map = class java.util.HashMap@43005ee2
      serialVersionUID = 362498820763181265
      DEFAULT_INITIAL_CAPACITY = 16
      MAXIMUM_CAPACITY = 1073741824
      DEFAULT_LOAD_FACTOR = 0.75
      TREEIFY_THRESHOLD = 8
      UNTREEIFY_THRESHOLD = 6
      MIN_TREEIFY_CAPACITY = 64
      table = class java.util.HashMap$Node[16]
      entrySet = null
      size = 0
      modCount = 25
      threshold = 12
      loadFactor = 0.75
      keySet = class java.util.HashMap$KeySet@3ab9c30c
      values = null
    PRESENT = class java.lang.Object@53dedc5b
    MAX_ARRAY_SIZE = 2147483639
  dirsToMonitor = class java.util.TreeMap@5e327ab0
    comparator = class com.ibm.wsspi.kernel.service.utils.PathUtils$PathComparator@2d287b79
      serialVersionUID = 8845848986582493462
      PATH_SEPARATOR = /
      CMP_LT = -1
      CMP_GT = 1
    root = class java.util.TreeMap$Entry@5ee06c1c
      key = "/"
      value = class java.util.HashSet@64fde5d0
      left = null
      right = class java.util.TreeMap$Entry@21d9620c
      parent = null
      color = true
    size = 2
    modCount = 2
    entrySet = null
    navigableKeySet = null
    descendingMap = null
    UNBOUNDED = class java.lang.Object@7e8b0a69
    RED = false
    BLACK = true
    serialVersionUID = 919286545866124006
    keySet = null
    values = null
  dirsBeingMonitored = class java.util.HashSet@13032040
    serialVersionUID = -5024744406713321676
    map = class java.util.HashMap@cfded8d
      serialVersionUID = 362498820763181265
      DEFAULT_INITIAL_CAPACITY = 16
      MAXIMUM_CAPACITY = 1073741824
      DEFAULT_LOAD_FACTOR = 0.75
      TREEIFY_THRESHOLD = 8
      UNTREEIFY_THRESHOLD = 6
      MIN_TREEIFY_CAPACITY = 64
      table = class java.util.HashMap$Node[16]
      entrySet = null
      size = 0
      modCount = 23
      threshold = 12
      loadFactor = 0.75
      keySet = class java.util.HashMap$KeySet@7b8ccefc
      values = null
    PRESENT = class java.lang.Object@53dedc5b
    MAX_ARRAY_SIZE = 2147483639
  listeners = class java.util.concurrent.CopyOnWriteArrayList@442fa5b7
    serialVersionUID = 8673264195747942595
    lock = class java.util.concurrent.locks.ReentrantLock@16dbd2c2
      serialVersionUID = 7373984872572414699
      sync = class java.util.concurrent.locks.ReentrantLock$NonfairSync@d68eb41
    array = class java.lang.Object[0]
    UNSAFE = class sun.misc.Unsafe@492dc1b7
      theUnsafe = class sun.misc.Unsafe@492dc1b7
      INVALID_FIELD_OFFSET = -1
      ARRAY_BOOLEAN_BASE_OFFSET = 16
      ARRAY_BYTE_BASE_OFFSET = 16
      ARRAY_SHORT_BASE_OFFSET = 16
      ARRAY_CHAR_BASE_OFFSET = 16
      ARRAY_INT_BASE_OFFSET = 16
      ARRAY_LONG_BASE_OFFSET = 16
      ARRAY_FLOAT_BASE_OFFSET = 16
      ARRAY_DOUBLE_BASE_OFFSET = 16
      ARRAY_OBJECT_BASE_OFFSET = 16
      ARRAY_BOOLEAN_INDEX_SCALE = 1
      ARRAY_BYTE_INDEX_SCALE = 1
      ARRAY_SHORT_INDEX_SCALE = 2
      ARRAY_CHAR_INDEX_SCALE = 2
      ARRAY_INT_INDEX_SCALE = 4
      ARRAY_LONG_INDEX_SCALE = 8
      ARRAY_FLOAT_INDEX_SCALE = 4
      ARRAY_DOUBLE_INDEX_SCALE = 8
      ARRAY_OBJECT_INDEX_SCALE = 4
      ADDRESS_SIZE = 8
    lockOffset = 12
  pathsBeingMonitored = class java.util.HashSet@3d9a7b80
    serialVersionUID = -5024744406713321676
    map = class java.util.HashMap@514b03a
      serialVersionUID = 362498820763181265
      DEFAULT_INITIAL_CAPACITY = 16
      MAXIMUM_CAPACITY = 1073741824
      DEFAULT_LOAD_FACTOR = 0.75
      TREEIFY_THRESHOLD = 8
      UNTREEIFY_THRESHOLD = 6
      MIN_TREEIFY_CAPACITY = 64
      table = class java.util.HashMap$Node[16]
      entrySet = null
      size = 0
      modCount = 9
      threshold = 12
      loadFactor = 0.75
      keySet = class java.util.HashMap$KeySet@5ee7bf7
      values = null
    PRESENT = class java.lang.Object@53dedc5b
    MAX_ARRAY_SIZE = 2147483639
  parent = null
  children = class java.util.HashMap@70307179
    serialVersionUID = 362498820763181265
    DEFAULT_INITIAL_CAPACITY = 16
    MAXIMUM_CAPACITY = 1073741824
    DEFAULT_LOAD_FACTOR = 0.75
    TREEIFY_THRESHOLD = 8
    UNTREEIFY_THRESHOLD = 6
    MIN_TREEIFY_CAPACITY = 64
    table = null
    entrySet = null
    size = 0
    modCount = 0
    threshold = 0
    loadFactor = 0.75
    keySet = class java.util.HashMap$KeySet@2a036639
      this$0 = class java.util.HashMap@70307179
      MAX_ARRAY_SIZE = 2147483639
    values = class java.util.HashMap$Values@780c3271
      this$0 = class java.util.HashMap@70307179
      MAX_ARRAY_SIZE = 2147483639
  enabledChildren = class java.util.ArrayList@7abb4e1f
    serialVersionUID = 8683452581122892189
    DEFAULT_CAPACITY = 10
    EMPTY_ELEMENTDATA = class java.lang.Object[0]
    DEFAULTCAPACITY_EMPTY_ELEMENTDATA = class java.lang.Object[0]
    elementData = class java.lang.Object[0]
    size = 0
    MAX_ARRAY_SIZE = 2147483639
    modCount = 0
    MAX_ARRAY_SIZE = 2147483639
  pathInParent = null
  serialVersionUID = -5797991102055520589
  $$$tc$$$ = class com.ibm.websphere.ras.TraceComponent@6d1841d9
    strings[0] = "TraceComponent[com.ibm.ws.artifact.loose.internal.LooseArtifactNotifier,class com.ibm.ws.artifact.loose.internal.LooseArtifactNotifier,[archive.artifact.xml],com.ibm.ws.artifact.loose.internal.resources.LooseApiMessages,null]"

Dump of objectArray[0]
Object type = java.util.HashSet
  serialVersionUID = -5024744406713321676
  map = class java.util.HashMap@70b72a6f
    serialVersionUID = 362498820763181265
    DEFAULT_INITIAL_CAPACITY = 16
    MAXIMUM_CAPACITY = 1073741824
    DEFAULT_LOAD_FACTOR = 0.75
    TREEIFY_THRESHOLD = 8
    UNTREEIFY_THRESHOLD = 6
    MIN_TREEIFY_CAPACITY = 64
    table = null
    entrySet = null
    size = 0
    modCount = 0
    threshold = 0
    loadFactor = 0.75
    keySet = null
    values = null
  PRESENT = class java.lang.Object@53dedc5b
  MAX_ARRAY_SIZE = 2147483639

Dump of objectArray[1]
Object type = java.util.HashSet
  serialVersionUID = -5024744406713321676
  map = class java.util.HashMap@44b1f81a
    serialVersionUID = 362498820763181265
    DEFAULT_INITIAL_CAPACITY = 16
    MAXIMUM_CAPACITY = 1073741824
    DEFAULT_LOAD_FACTOR = 0.75
    TREEIFY_THRESHOLD = 8
    UNTREEIFY_THRESHOLD = 6
    MIN_TREEIFY_CAPACITY = 64
    table = null
    entrySet = null
    size = 0
    modCount = 0
    threshold = 0
    loadFactor = 0.75
    keySet = null
    values = null
  PRESENT = class java.lang.Object@53dedc5b
  MAX_ARRAY_SIZE = 2147483639

