------Start of DE processing------ = [7/20/18 8:31:24:470 PDT]
Exception = com.ibm.ws.container.service.state.StateChangeException
Source = com.ibm.ws.app.manager.module.internal.DeployedAppInfoBase
probeid = 381
Stack Dump = com.ibm.ws.container.service.state.StateChangeException: org.jboss.weld.exceptions.DefinitionException: Exception List with 1 exceptions:
Exception 0 :
javax.json.stream.JsonParsingException: Invalid token=EOF at (line no=1, column no=0, offset=-1). Expected tokens are: [CURLYOPEN, SQUAREOPEN]
	at org.glassfish.json.JsonParserImpl.parsingException(JsonParserImpl.java:238)
	at org.glassfish.json.JsonParserImpl.access$1200(JsonParserImpl.java:61)
	at org.glassfish.json.JsonParserImpl$NoneContext.getNextEvent(JsonParserImpl.java:232)
	at org.glassfish.json.JsonParserImpl$StateIterator.next(JsonParserImpl.java:172)
	at org.glassfish.json.JsonParserImpl.next(JsonParserImpl.java:149)
	at application.microprofile.web.CustomConfigSource.getProperties(CustomConfigSource.java:60)
	at application.microprofile.web.CustomConfigSource.getOrdinal(CustomConfigSource.java:36)
	at com.ibm.ws.microprofile.config.impl.ConfigSourceComparator.compare(ConfigSourceComparator.java:35)
	at com.ibm.ws.microprofile.config.impl.ConfigSourceComparator.compare(ConfigSourceComparator.java:17)
	at java.util.TreeMap.put(TreeMap.java:552)
	at java.util.TreeSet.add(TreeSet.java:255)
	at java.util.AbstractCollection.addAll(AbstractCollection.java:344)
	at java.util.TreeSet.addAll(TreeSet.java:312)
	at com.ibm.ws.microprofile.config.impl.SortedSources.addAll(SortedSources.java:43)
	at com.ibm.ws.microprofile.config.impl.ConfigBuilderImpl.getSources(ConfigBuilderImpl.java:159)
	at com.ibm.ws.microprofile.config.archaius.impl.ArchaiusConfigBuilderImpl.build(ArchaiusConfigBuilderImpl.java:42)
	at com.ibm.ws.microprofile.config.archaius.impl.ArchaiusConfigBuilderImpl.build(ArchaiusConfigBuilderImpl.java:25)
	at com.ibm.ws.microprofile.config.impl.ConfigProviderResolverImpl.getConfig(ConfigProviderResolverImpl.java:146)
	at org.eclipse.microprofile.config.ConfigProvider.getConfig(ConfigProvider.java:103)
	at com.ibm.ws.microprofile.config.cdi.ConfigCDIExtension.processConversionType(ConfigCDIExtension.java:125)
	at com.ibm.ws.microprofile.config.cdi.ConfigCDIExtension.processParameterizedType(ConfigCDIExtension.java:107)
	at com.ibm.ws.microprofile.config.cdi.ConfigCDIExtension.processInjectionTarget(ConfigCDIExtension.java:65)
	at sun.reflect.NativeMethodAccessorImpl.invoke0(Native Method)
	at sun.reflect.NativeMethodAccessorImpl.invoke(NativeMethodAccessorImpl.java:62)
	at sun.reflect.DelegatingMethodAccessorImpl.invoke(DelegatingMethodAccessorImpl.java:43)
	at java.lang.reflect.Method.invoke(Method.java:498)
	at org.jboss.weld.injection.StaticMethodInjectionPoint.invoke(StaticMethodInjectionPoint.java:88)
	at org.jboss.weld.injection.StaticMethodInjectionPoint.invoke(StaticMethodInjectionPoint.java:78)
	at org.jboss.weld.injection.MethodInvocationStrategy$SimpleMethodInvocationStrategy.invoke(MethodInvocationStrategy.java:129)
	at org.jboss.weld.event.ObserverMethodImpl.sendEvent(ObserverMethodImpl.java:299)
	at org.jboss.weld.event.ExtensionObserverMethodImpl.sendEvent(ExtensionObserverMethodImpl.java:124)
	at org.jboss.weld.event.ObserverMethodImpl.sendEvent(ObserverMethodImpl.java:277)
	at org.jboss.weld.event.ObserverMethodImpl.notify(ObserverMethodImpl.java:255)
	at org.jboss.weld.event.ObserverNotifier.notifySyncObservers(ObserverNotifier.java:269)
	at org.jboss.weld.event.ObserverNotifier.notify(ObserverNotifier.java:258)
	at org.jboss.weld.event.ObserverNotifier.fireEvent(ObserverNotifier.java:154)
	at org.jboss.weld.event.ObserverNotifier.fireEvent(ObserverNotifier.java:148)
	at org.jboss.weld.bootstrap.events.AbstractContainerEvent.fire(AbstractContainerEvent.java:53)
	at org.jboss.weld.bootstrap.events.AbstractDefinitionContainerEvent.fire(AbstractDefinitionContainerEvent.java:44)
	at org.jboss.weld.bootstrap.events.AbstractProcessInjectionTarget.fire(AbstractProcessInjectionTarget.java:40)
	at org.jboss.weld.bootstrap.events.ContainerLifecycleEvents.fireProcessInjectionTarget(ContainerLifecycleEvents.java:255)
	at org.jboss.weld.manager.BeanManagerImpl.fireProcessInjectionTarget(BeanManagerImpl.java:1365)
	at org.jboss.weld.manager.BeanManagerImpl.fireProcessInjectionTarget(BeanManagerImpl.java:1360)
	at com.ibm.ws.cdi.impl.weld.BeanDeploymentArchiveImpl.createJEEComponentInjectionTarget(BeanDeploymentArchiveImpl.java:918)
	at com.ibm.ws.cdi.impl.weld.BeanDeploymentArchiveImpl.createInjectionTargetsForJEEComponentClass(BeanDeploymentArchiveImpl.java:856)
	at com.ibm.ws.cdi.impl.weld.BeanDeploymentArchiveImpl.createInjectionTargetsForJEEComponentClasses(BeanDeploymentArchiveImpl.java:842)
	at com.ibm.ws.cdi.impl.weld.WebSphereCDIDeploymentImpl.validateJEEComponentClasses(WebSphereCDIDeploymentImpl.java:665)
	at com.ibm.ws.cdi.impl.CDIContainerImpl.applicationStarting(CDIContainerImpl.java:148)
	at com.ibm.ws.cdi.liberty.CDIRuntimeImpl.applicationStarting(CDIRuntimeImpl.java:383)
	at com.ibm.ws.container.service.state.internal.ApplicationStateManager.fireStarting(ApplicationStateManager.java:28)
	at com.ibm.ws.container.service.state.internal.StateChangeServiceImpl.fireApplicationStarting(StateChangeServiceImpl.java:50)
	at com.ibm.ws.app.manager.module.internal.DeployedAppInfoBase.preDeployApp(DeployedAppInfoBase.java:380)
	at com.ibm.ws.app.manager.module.internal.DeployedAppInfoBase.deployApp(DeployedAppInfoBase.java:409)
	at com.ibm.ws.app.manager.war.internal.WARApplicationHandlerImpl.install(WARApplicationHandlerImpl.java:65)
	at com.ibm.ws.app.manager.internal.statemachine.StartAction.execute(StartAction.java:140)
	at com.ibm.ws.app.manager.internal.statemachine.ApplicationStateMachineImpl.enterState(ApplicationStateMachineImpl.java:1258)
	at com.ibm.ws.app.manager.internal.statemachine.ApplicationStateMachineImpl.run(ApplicationStateMachineImpl.java:873)
	at java.util.concurrent.ThreadPoolExecutor.runWorker(ThreadPoolExecutor.java:1149)
	at java.util.concurrent.ThreadPoolExecutor$Worker.run(ThreadPoolExecutor.java:624)
	at java.lang.Thread.run(Thread.java:748)

	at com.ibm.ws.container.service.state.internal.ApplicationStateManager.fireStarting(ApplicationStateManager.java:32)
	at com.ibm.ws.container.service.state.internal.StateChangeServiceImpl.fireApplicationStarting(StateChangeServiceImpl.java:50)
	at com.ibm.ws.app.manager.module.internal.DeployedAppInfoBase.preDeployApp(DeployedAppInfoBase.java:380)
	at com.ibm.ws.app.manager.module.internal.DeployedAppInfoBase.deployApp(DeployedAppInfoBase.java:409)
	at com.ibm.ws.app.manager.war.internal.WARApplicationHandlerImpl.install(WARApplicationHandlerImpl.java:65)
	at com.ibm.ws.app.manager.internal.statemachine.StartAction.execute(StartAction.java:140)
	at com.ibm.ws.app.manager.internal.statemachine.ApplicationStateMachineImpl.enterState(ApplicationStateMachineImpl.java:1258)
	at com.ibm.ws.app.manager.internal.statemachine.ApplicationStateMachineImpl.run(ApplicationStateMachineImpl.java:873)
	at java.util.concurrent.ThreadPoolExecutor.runWorker(ThreadPoolExecutor.java:1149)
	at java.util.concurrent.ThreadPoolExecutor$Worker.run(ThreadPoolExecutor.java:624)
	at java.lang.Thread.run(Thread.java:748)
Caused by: org.jboss.weld.exceptions.DefinitionException: Exception List with 1 exceptions:
Exception 0 :
javax.json.stream.JsonParsingException: Invalid token=EOF at (line no=1, column no=0, offset=-1). Expected tokens are: [CURLYOPEN, SQUAREOPEN]
	at org.glassfish.json.JsonParserImpl.parsingException(JsonParserImpl.java:238)
	at org.glassfish.json.JsonParserImpl.access$1200(JsonParserImpl.java:61)
	at org.glassfish.json.JsonParserImpl$NoneContext.getNextEvent(JsonParserImpl.java:232)
	at org.glassfish.json.JsonParserImpl$StateIterator.next(JsonParserImpl.java:172)
	at org.glassfish.json.JsonParserImpl.next(JsonParserImpl.java:149)
	at application.microprofile.web.CustomConfigSource.getProperties(CustomConfigSource.java:60)
	at application.microprofile.web.CustomConfigSource.getOrdinal(CustomConfigSource.java:36)
	at com.ibm.ws.microprofile.config.impl.ConfigSourceComparator.compare(ConfigSourceComparator.java:35)
	at com.ibm.ws.microprofile.config.impl.ConfigSourceComparator.compare(ConfigSourceComparator.java:17)
	at java.util.TreeMap.put(TreeMap.java:552)
	at java.util.TreeSet.add(TreeSet.java:255)
	at java.util.AbstractCollection.addAll(AbstractCollection.java:344)
	at java.util.TreeSet.addAll(TreeSet.java:312)
	at com.ibm.ws.microprofile.config.impl.SortedSources.addAll(SortedSources.java:43)
	at com.ibm.ws.microprofile.config.impl.ConfigBuilderImpl.getSources(ConfigBuilderImpl.java:159)
	at com.ibm.ws.microprofile.config.archaius.impl.ArchaiusConfigBuilderImpl.build(ArchaiusConfigBuilderImpl.java:42)
	at com.ibm.ws.microprofile.config.archaius.impl.ArchaiusConfigBuilderImpl.build(ArchaiusConfigBuilderImpl.java:25)
	at com.ibm.ws.microprofile.config.impl.ConfigProviderResolverImpl.getConfig(ConfigProviderResolverImpl.java:146)
	at org.eclipse.microprofile.config.ConfigProvider.getConfig(ConfigProvider.java:103)
	at com.ibm.ws.microprofile.config.cdi.ConfigCDIExtension.processConversionType(ConfigCDIExtension.java:125)
	at com.ibm.ws.microprofile.config.cdi.ConfigCDIExtension.processParameterizedType(ConfigCDIExtension.java:107)
	at com.ibm.ws.microprofile.config.cdi.ConfigCDIExtension.processInjectionTarget(ConfigCDIExtension.java:65)
	at sun.reflect.NativeMethodAccessorImpl.invoke0(Native Method)
	at sun.reflect.NativeMethodAccessorImpl.invoke(NativeMethodAccessorImpl.java:62)
	at sun.reflect.DelegatingMethodAccessorImpl.invoke(DelegatingMethodAccessorImpl.java:43)
	at java.lang.reflect.Method.invoke(Method.java:498)
	at org.jboss.weld.injection.StaticMethodInjectionPoint.invoke(StaticMethodInjectionPoint.java:88)
	at org.jboss.weld.injection.StaticMethodInjectionPoint.invoke(StaticMethodInjectionPoint.java:78)
	at org.jboss.weld.injection.MethodInvocationStrategy$SimpleMethodInvocationStrategy.invoke(MethodInvocationStrategy.java:129)
	at org.jboss.weld.event.ObserverMethodImpl.sendEvent(ObserverMethodImpl.java:299)
	at org.jboss.weld.event.ExtensionObserverMethodImpl.sendEvent(ExtensionObserverMethodImpl.java:124)
	at org.jboss.weld.event.ObserverMethodImpl.sendEvent(ObserverMethodImpl.java:277)
	at org.jboss.weld.event.ObserverMethodImpl.notify(ObserverMethodImpl.java:255)
	at org.jboss.weld.event.ObserverNotifier.notifySyncObservers(ObserverNotifier.java:269)
	at org.jboss.weld.event.ObserverNotifier.notify(ObserverNotifier.java:258)
	at org.jboss.weld.event.ObserverNotifier.fireEvent(ObserverNotifier.java:154)
	at org.jboss.weld.event.ObserverNotifier.fireEvent(ObserverNotifier.java:148)
	at org.jboss.weld.bootstrap.events.AbstractContainerEvent.fire(AbstractContainerEvent.java:53)
	at org.jboss.weld.bootstrap.events.AbstractDefinitionContainerEvent.fire(AbstractDefinitionContainerEvent.java:44)
	at org.jboss.weld.bootstrap.events.AbstractProcessInjectionTarget.fire(AbstractProcessInjectionTarget.java:40)
	at org.jboss.weld.bootstrap.events.ContainerLifecycleEvents.fireProcessInjectionTarget(ContainerLifecycleEvents.java:255)
	at org.jboss.weld.manager.BeanManagerImpl.fireProcessInjectionTarget(BeanManagerImpl.java:1365)
	at org.jboss.weld.manager.BeanManagerImpl.fireProcessInjectionTarget(BeanManagerImpl.java:1360)
	at com.ibm.ws.cdi.impl.weld.BeanDeploymentArchiveImpl.createJEEComponentInjectionTarget(BeanDeploymentArchiveImpl.java:918)
	at com.ibm.ws.cdi.impl.weld.BeanDeploymentArchiveImpl.createInjectionTargetsForJEEComponentClass(BeanDeploymentArchiveImpl.java:856)
	at com.ibm.ws.cdi.impl.weld.BeanDeploymentArchiveImpl.createInjectionTargetsForJEEComponentClasses(BeanDeploymentArchiveImpl.java:842)
	at com.ibm.ws.cdi.impl.weld.WebSphereCDIDeploymentImpl.validateJEEComponentClasses(WebSphereCDIDeploymentImpl.java:665)
	at com.ibm.ws.cdi.impl.CDIContainerImpl.applicationStarting(CDIContainerImpl.java:148)
	at com.ibm.ws.cdi.liberty.CDIRuntimeImpl.applicationStarting(CDIRuntimeImpl.java:383)
	at com.ibm.ws.container.service.state.internal.ApplicationStateManager.fireStarting(ApplicationStateManager.java:28)
	at com.ibm.ws.container.service.state.internal.StateChangeServiceImpl.fireApplicationStarting(StateChangeServiceImpl.java:50)
	at com.ibm.ws.app.manager.module.internal.DeployedAppInfoBase.preDeployApp(DeployedAppInfoBase.java:380)
	at com.ibm.ws.app.manager.module.internal.DeployedAppInfoBase.deployApp(DeployedAppInfoBase.java:409)
	at com.ibm.ws.app.manager.war.internal.WARApplicationHandlerImpl.install(WARApplicationHandlerImpl.java:65)
	at com.ibm.ws.app.manager.internal.statemachine.StartAction.execute(StartAction.java:140)
	at com.ibm.ws.app.manager.internal.statemachine.ApplicationStateMachineImpl.enterState(ApplicationStateMachineImpl.java:1258)
	at com.ibm.ws.app.manager.internal.statemachine.ApplicationStateMachineImpl.run(ApplicationStateMachineImpl.java:873)
	at java.util.concurrent.ThreadPoolExecutor.runWorker(ThreadPoolExecutor.java:1149)
	at java.util.concurrent.ThreadPoolExecutor$Worker.run(ThreadPoolExecutor.java:624)
	at java.lang.Thread.run(Thread.java:748)

	at org.jboss.weld.bootstrap.events.AbstractDefinitionContainerEvent.fire(AbstractDefinitionContainerEvent.java:46)
	at org.jboss.weld.bootstrap.events.AbstractProcessInjectionTarget.fire(AbstractProcessInjectionTarget.java:40)
	at org.jboss.weld.bootstrap.events.ContainerLifecycleEvents.fireProcessInjectionTarget(ContainerLifecycleEvents.java:255)
	at org.jboss.weld.manager.BeanManagerImpl.fireProcessInjectionTarget(BeanManagerImpl.java:1365)
	at org.jboss.weld.manager.BeanManagerImpl.fireProcessInjectionTarget(BeanManagerImpl.java:1360)
	at com.ibm.ws.cdi.impl.weld.BeanDeploymentArchiveImpl.createJEEComponentInjectionTarget(BeanDeploymentArchiveImpl.java:918)
	at com.ibm.ws.cdi.impl.weld.BeanDeploymentArchiveImpl.createInjectionTargetsForJEEComponentClass(BeanDeploymentArchiveImpl.java:856)
	at com.ibm.ws.cdi.impl.weld.BeanDeploymentArchiveImpl.createInjectionTargetsForJEEComponentClasses(BeanDeploymentArchiveImpl.java:842)
	at com.ibm.ws.cdi.impl.weld.WebSphereCDIDeploymentImpl.validateJEEComponentClasses(WebSphereCDIDeploymentImpl.java:665)
	at com.ibm.ws.cdi.impl.CDIContainerImpl.applicationStarting(CDIContainerImpl.java:148)
	at com.ibm.ws.cdi.liberty.CDIRuntimeImpl.applicationStarting(CDIRuntimeImpl.java:383)
	at com.ibm.ws.container.service.state.internal.ApplicationStateManager.fireStarting(ApplicationStateManager.java:28)
	... 10 more

Dump of callerThis
Object type = com.ibm.ws.app.manager.war.internal.WARDeployedAppInfo
  CONTEXT_ROOT = "context-root"
  webModuleHandler = class com.ibm.ws.app.manager.web.internal.WebModuleHandlerImpl@3a842a92
    serialVersionUID = 4795602325763828210
    $$$tc$$$ = class com.ibm.websphere.ras.TraceComponent@eb2eb0f
      strings[0] = "TraceComponent[com.ibm.ws.app.manager.web.internal.WebModuleHandlerImpl,class com.ibm.ws.app.manager.web.internal.WebModuleHandlerImpl,[webcontainer, applications, app.manager],com.ibm.ws.app.manager.war.internal.resources.Messages,null]"
    futureMonitor = class com.ibm.ws.threading.internal.FutureMonitorImpl@663a9994
    metaDataService = class com.ibm.ws.container.service.metadata.internal.MetaDataServiceImpl@9bd04b6
    stateChangeService = class com.ibm.ws.container.service.state.internal.StateChangeServiceImpl@38a57247
    moduleRuntimeContainer = class com.ibm.ws.webcontainer.osgi.WebContainer@4101df76
      tc = class com.ibm.websphere.ras.TraceComponent@150fb4e3
      CLASS_NAME = "com.ibm.ws.webcontainer.osgi.WebContainer"
      initialized = true
      eventService = class com.ibm.ws.event.internal.EventEngineImpl@1d0a5367
      futureMonitor = class com.ibm.ws.threading.internal.FutureMonitorImpl@663a9994
      classLoadingSRRef = class com.ibm.wsspi.kernel.service.utils.AtomicServiceReference@64869941
      sessionHelperSRRef = class com.ibm.wsspi.kernel.service.utils.AtomicServiceReference@69dc3a98
      cacheManagerSRRef = class com.ibm.wsspi.kernel.service.utils.AtomicServiceReference@5a1aee7b
      injectionEngineSRRef = class com.ibm.wsspi.kernel.service.utils.AtomicServiceReference@15c41f34
      managedObjectServiceSRRef = class com.ibm.wsspi.kernel.service.utils.AtomicServiceReference@45d8c05c
      backgroundWebAppStartFutures = class com.ibm.ws.webcontainer.util.OneTimeUseArrayList@4d583a85
      REFERENCE_WEB_MBEAN_RUNTIME = "webMBeanRuntime"
      webMBeanRuntimeServiceRef = class com.ibm.wsspi.kernel.service.utils.AtomicServiceReference@40bc7c63
      servletContainerInitializers = class com.ibm.wsspi.kernel.service.utils.ConcurrentServiceReferenceSet@75b4f6ff
      es = class com.ibm.ws.threading.internal.ExecutorServiceImpl@4594dbbc
      locationServiceRef = class java.util.concurrent.atomic.AtomicReference@76ed0235
      transferContextServiceRef = class com.ibm.wsspi.kernel.service.utils.ConcurrentServiceReferenceSet@7a6d827f
      encodingServiceRef = class java.util.concurrent.atomic.AtomicReference@5991a635
      instance = class java.util.concurrent.atomic.AtomicReference@b40a0f6
      vhostManager = class com.ibm.ws.webcontainer.osgi.DynamicVirtualHostManager@1522e701
      metaDataService = class com.ibm.ws.container.service.metadata.internal.MetaDataServiceImpl@9bd04b6
      j2eeNameFactory = class com.ibm.ws.container.service.metadata.internal.J2EENameFactoryImpl@3cae1a0
      context = class org.apache.felix.scr.impl.manager.ComponentContextImpl@57be5fe2
      contextRoots = class java.util.Collections$SynchronizedSet@597702f3
      pendingContextRoots = class java.util.HashMap@5b6fec33
      deployedModuleMap = class java.util.concurrent.ConcurrentHashMap@f7cd11f
      connContextPool = class com.ibm.ws.webcontainer31.osgi.srt.factory.SRTConnectionContextPool31Impl@2a98de5d
      DEFAULT_PORT = "*"
      DEFAULT_VHOST_NAME = "default_host"
      cachedServerInfo = "IBM WebSphere Liberty/${liberty.service.version}"
      lock = class com.ibm.ws.webcontainer.osgi.WebContainer$1@4b993167
      webAppFactory = class com.ibm.ws.webcontainer31.osgi.webapp.factory.WebAppFactoryImpl31@6f335253
      requestFactory = class com.ibm.ws.webcontainer31.osgi.response.factory.IRequestResponseFactory@62e8283
      responseFactory = class com.ibm.ws.webcontainer31.osgi.response.factory.IRequestResponseFactory@62e8283
      asyncContextFactory = class com.ibm.ws.webcontainer31.async.factory.AsyncContextFactory31Impl@6a28ce2d
      DEFAULT_MAX_VERSION = 30
      versionRef = class org.eclipse.osgi.internal.serviceregistry.ServiceReferenceImpl@6838c806
      serverStopping = class com.ibm.ws.staticvalue.StaticValue$FinalSingleton@1d6cbe98
      modulesStarting = -1
      uriMatcherFactory = class com.ibm.wsspi.webcontainer31.util.factory.URIMatcherFactory31Impl@6fa41d2c
      SPEC_LEVEL_UNLOADED = -1
      SPEC_LEVEL_30 = 30
      SPEC_LEVEL_31 = 31
      SPEC_LEVEL_40 = 40
      DEFAULT_SPEC_LEVEL = 30
      loadedContainerSpecLevel = 31
      ISO = "ISO-8859-1"
      encoding = "UTF-8"
      decode = true
      wcconfig = class com.ibm.ws.webcontainer.osgi.WebContainerConfiguration@6d0777c7
      applicationListeners = class java.util.ArrayList@15e79c81
      servletListeners = class java.util.ArrayList@5a65ae6c
      servletErrorListeners = class java.util.ArrayList@16027914
      servletInvocationListeners = class java.util.ArrayList@40ed8d5c
      filterInvocationListeners = class java.util.ArrayList@69c71254
      filterErrorListeners = class java.util.ArrayList@1e26c7ce
      filterListeners = class java.util.ArrayList@1be9c7c7
      servletRequestListeners = class java.util.ArrayList@37423e8b
      servletRequestAttributeListeners = class java.util.ArrayList@6646cf85
      servletContextListeners = class java.util.ArrayList@4ef67c34
      servletContextAttributeListeners = class java.util.ArrayList@1bf45dd2
      sessionListeners = class java.util.ArrayList@3de49e41
      sessionIdListeners = class java.util.ArrayList@6d0e449f
      sessionAttributeListeners = class java.util.ArrayList@10e492d6
      DEFAULT_HOST = "default_host"
      _initialized = true
      logger = class com.ibm.ws.logging.internal.WsLogger@29c747d5
      CLASS_NAME = "com.ibm.ws.webcontainer.internal.WebContainer"
      nls = class com.ibm.ejs.ras.TraceNLS@30c8c23a
      self = class java.util.concurrent.atomic.AtomicReference@2f7d5200
      _cipherToBit = class java.util.HashMap@1b3b171b
      cacheKeyStringBuilder = class com.ibm.ws.util.WSThreadLocal@8d11246
      listenersInitialized = true
      webConProperties = class java.util.Properties@7e7ec874
      sessionRegistry = null
      isStopped = false
      readWriteLockForStopping = class java.util.concurrent.locks.ReentrantReadWriteLock@3bd668e9
      urlPrefix = ";jsessionid="
      extensionFactories = class java.util.ArrayList@78163347
      postInitExtensionFactories = null
      httpResponseListeners = class java.util.ArrayList@78554d21
      servletContainerInitializers = class java.util.ServiceLoader@70600737
      auditManager = class com.ibm.websphere.security.audit.context.AuditManager@78f9a8f2
      threadLocal = class java.lang.ThreadLocal@313c30a1
      invocationCacheSize = 500
      decodePlusSign = true
      _cacheMap = class java.util.concurrent.ConcurrentHashMap@63525fe2
      _cacheSize = class java.util.concurrent.atomic.AtomicInteger@13fba500
      vHostCompatFlag = false
      platformHelper = class com.ibm.ws.webcontainer.PlatformHelper@267021b5
      isDefaultTempDir = true
      tempDir = null
      servletCachingInitNeeded = true
      appInstallBegun = true
      cacheServletWrapperFactory = class com.ibm.ws.webcontainer31.servlet.factory.CacheServletWrapperFactory31Impl@7699a4e2
      commands = class java.util.ArrayList@49583ed1
      requestMapper = class com.ibm.ws.webcontainer.util.VirtualHostContextRootMapper@6e82d3c6
      parent = null
      name = "Was.webcontainer"
      isAlive = true
      subElements = class java.util.HashMap@78ab67c4
      attributes = null
      config = null
      serialVersionUID = -8271459000149267764
      $$$tc$$$ = class com.ibm.websphere.ras.TraceComponent@1cefa91b
    firstFailure = null
    serialVersionUID = -4563697739413190872
    $$$tc$$$ = class com.ibm.websphere.ras.TraceComponent@b9a617a
      strings[0] = "TraceComponent[com.ibm.ws.app.manager.module.internal.ModuleHandlerBase,class com.ibm.ws.app.manager.module.internal.ModuleHandlerBase,[applications, app.manager],,null]"
  webContainerModuleInfo = class com.ibm.ws.app.manager.module.internal.SimpleDeployedAppInfoBase$WebModuleContainerInfo@3d1347fb
    contextRoot = "/microprofile"
    defaultContextRoot = "microprofile"
    serialVersionUID = -8158961796913348204
    $$$tc$$$ = class com.ibm.websphere.ras.TraceComponent@6f9ca63d
      strings[0] = "TraceComponent[com.ibm.ws.app.manager.module.internal.SimpleDeployedAppInfoBase$WebModuleContainerInfo,class com.ibm.ws.app.manager.module.internal.SimpleDeployedAppInfoBase$WebModuleContainerInfo,[applications, app.manager],,null]"
    moduleHandler = class com.ibm.ws.app.manager.web.internal.WebModuleHandlerImpl@3a842a92
    moduleMetaDataExtenders = class java.util.concurrent.CopyOnWriteArrayList@3ec2f48d
      serialVersionUID = 8673264195747942595
      lock = class java.util.concurrent.locks.ReentrantLock@42958538
      array = class java.lang.Object[2]
      UNSAFE = class sun.misc.Unsafe@54dde775
      lockOffset = 12
    nestedModuleMetaDataFactories = class java.util.concurrent.CopyOnWriteArrayList@16021529
      serialVersionUID = 8673264195747942595
      lock = class java.util.concurrent.locks.ReentrantLock@4a47cec8
      array = class java.lang.Object[1]
      UNSAFE = class sun.misc.Unsafe@54dde775
      lockOffset = 12
    nestedModules = null
    moduleName = "microprofile-1.0-SNAPSHOT"
    moduleDD = null
    moduleInfo = class com.ibm.ws.app.manager.module.internal.WebModuleInfoImpl@3549b4a3
      contextRoot = "/microprofile"
      isDefaultContextRootUsed = false
      serialVersionUID = -1540279394520440503
      $$$tc$$$ = class com.ibm.websphere.ras.TraceComponent@527cedcb
      tc = class com.ibm.websphere.ras.TraceComponent@49af61ec
      appInfo = class com.ibm.ws.container.service.app.deploy.internal.ApplicationInfoImpl@1b694c07
      moduleName = "microprofile-1.0-SNAPSHOT"
      path = "microprofile-1.0-SNAPSHOT.war"
      moduleContainer = class com.ibm.ws.adaptable.module.internal.AdaptableContainerImpl@35602aa
      altDDEntry = null
      moduleClassesContainers = class java.util.ArrayList@502ffb0f
      classLoaderFactory = class com.ibm.ws.app.manager.war.internal.WARDeployedAppInfo@273543bf
      containerInfoType = class com.ibm.ws.container.service.app.deploy.ContainerInfo$Type@79e00e22
      classLoader = class com.ibm.ws.classloading.internal.AppClassLoader@5385aaa0
      moduleMetaData = class com.ibm.ws.webcontainer.osgi.metadata.WebModuleMetaDataImpl@170773b7
      nestedModuleMetaDataTypes = null
      nestedModuleMetaDataValues = null
      serialVersionUID = 3986734351620206554
    serialVersionUID = 8693907776607441911
    $$$tc$$$ = class com.ibm.websphere.ras.TraceComponent@72c0249c
      strings[0] = "TraceComponent[com.ibm.ws.app.manager.module.internal.SimpleDeployedAppInfoBase$ModuleContainerInfoBase,class com.ibm.ws.app.manager.module.internal.SimpleDeployedAppInfoBase$ModuleContainerInfoBase,[applications, app.manager],,null]"
    type = class com.ibm.ws.container.service.app.deploy.ContainerInfo$Type@79e00e22
      MANIFEST_CLASSPATH = class com.ibm.ws.container.service.app.deploy.ContainerInfo$Type@35fc424f
      WEB_INF_CLASSES = class com.ibm.ws.container.service.app.deploy.ContainerInfo$Type@1f2d81a8
      WEB_INF_LIB = class com.ibm.ws.container.service.app.deploy.ContainerInfo$Type@2a187876
      EAR_LIB = class com.ibm.ws.container.service.app.deploy.ContainerInfo$Type@21d60729
      WEB_MODULE = class com.ibm.ws.container.service.app.deploy.ContainerInfo$Type@79e00e22
      EJB_MODULE = class com.ibm.ws.container.service.app.deploy.ContainerInfo$Type@766fc766
      CLIENT_MODULE = class com.ibm.ws.container.service.app.deploy.ContainerInfo$Type@53c38c2
      RAR_MODULE = class com.ibm.ws.container.service.app.deploy.ContainerInfo$Type@6c8e3bdb
      JAR_MODULE = class com.ibm.ws.container.service.app.deploy.ContainerInfo$Type@7d70862c
      SHARED_LIB = class com.ibm.ws.container.service.app.deploy.ContainerInfo$Type@75ac3a13
      $VALUES = class com.ibm.ws.container.service.app.deploy.ContainerInfo$Type[10]
      $$$tc$$$ = class com.ibm.websphere.ras.TraceComponent@170d1b55
      name = "WEB_MODULE"
      ordinal = 4
    name = "microprofile-1.0-SNAPSHOT.war"
    container = class com.ibm.ws.adaptable.module.internal.AdaptableContainerImpl@35602aa
      root = class com.ibm.ws.adaptable.module.internal.AdaptableContainerImpl@35602aa
      rootOverlay = class com.ibm.ws.artifact.overlay.internal.DirectoryBasedOverlayContainerImpl@5ef5400d
      factoryHolder = class com.ibm.ws.adaptable.module.internal.AdaptableModuleFactoryImpl@43586796
      delegate = class com.ibm.ws.artifact.overlay.internal.DirectoryBasedOverlayContainerImpl@5ef5400d
      notifier = class com.ibm.ws.adaptable.module.internal.NotifierImpl@1560b07
      serialVersionUID = -5621513278641113667
      $$$tc$$$ = class com.ibm.websphere.ras.TraceComponent@4d7d6335
    altDDEntry = null
    classesContainerInfo = class java.util.ArrayList@502ffb0f
      serialVersionUID = 8683452581122892189
      DEFAULT_CAPACITY = 10
      EMPTY_ELEMENTDATA = class java.lang.Object[0]
      DEFAULTCAPACITY_EMPTY_ELEMENTDATA = class java.lang.Object[0]
      elementData = class java.lang.Object[10]
      size = 2
      MAX_ARRAY_SIZE = 2147483639
      modCount = 3
      MAX_ARRAY_SIZE = 2147483639
    serialVersionUID = 7427332431485745589
    $$$tc$$$ = class com.ibm.websphere.ras.TraceComponent@27cbdef4
      strings[0] = "TraceComponent[com.ibm.ws.app.manager.module.internal.SimpleDeployedAppInfoBase$ExtendedContainerInfo,class com.ibm.ws.app.manager.module.internal.SimpleDeployedAppInfoBase$ExtendedContainerInfo,[applications, app.manager],,null]"
  DYNAMIC_IMPORT_PACKAGE_LIST = class java.util.Collections$UnmodifiableRandomAccessList@7a168b4d
    serialVersionUID = -2542308836966382001
    serialVersionUID = -283967356065247728
    list = class java.util.Arrays$ArrayList@d354282
      serialVersionUID = -2764017481108945198
      a = class java.lang.String[1]
      modCount = 0
      MAX_ARRAY_SIZE = 2147483639
    serialVersionUID = 1820017752578914078
    c = class java.util.Arrays$ArrayList@d354282
  serialVersionUID = -6153587016903242961
  $$$tc$$$ = class com.ibm.websphere.ras.TraceComponent@2fa11bae
    strings[0] = "TraceComponent[com.ibm.ws.app.manager.war.internal.WARDeployedAppInfo,class com.ibm.ws.app.manager.war.internal.WARDeployedAppInfo,[webcontainer, applications, app.manager],com.ibm.ws.app.manager.war.internal.resources.Messages,null]"
  _tc = class com.ibm.websphere.ras.TraceComponent@5c1d70ca
    strings[0] = "TraceComponent[com.ibm.ws.app.manager.module.internal.DeployedAppInfoBase,class com.ibm.ws.app.manager.module.internal.DeployedAppInfoBase,[app.manager],com.ibm.ws.app.manager.module.internal.resources.Messages,null]"
  PERMISSION_XML = "permissions.xml"
  applicationInformation = class com.ibm.ws.app.manager.internal.ApplicationInstallInfo@2a05e776
    _config = class com.ibm.ws.app.manager.internal.ApplicationConfig@21373977
      _configPid = "com.ibm.ws.app.manager_20"
      _config = class com.ibm.ws.config.admin.ConfigurationDictionary@1086606
      _location = "microprofile-1.0-SNAPSHOT.war"
      _type = "war"
      _name = "microprofile"
      _notificationBroadcasterSupport = class javax.management.NotificationBroadcasterSupport@46304c30
    _handlerInfo = class java.util.concurrent.atomic.AtomicReference@70bbb406
      serialVersionUID = -1848883965231344442
      unsafe = class sun.misc.Unsafe@54dde775
      valueOffset = 12
      value = class com.ibm.ws.app.manager.war.internal.WARDeployedAppInfo@273543bf
    _container = class java.util.concurrent.atomic.AtomicReference@4576264
      serialVersionUID = -1848883965231344442
      unsafe = class sun.misc.Unsafe@54dde775
      valueOffset = 12
      value = class com.ibm.ws.adaptable.module.internal.AdaptableContainerImpl@35602aa
    _resolvedLocation = class java.util.concurrent.atomic.AtomicReference@381e0586
      serialVersionUID = -1848883965231344442
      unsafe = class sun.misc.Unsafe@54dde775
      valueOffset = 12
      value = class com.ibm.ws.kernel.service.location.internal.LocalFileResource@4427a387
    _handler = class com.ibm.ws.app.manager.war.internal.WARApplicationHandlerImpl@207a7f73
      futureMonitor = class com.ibm.ws.threading.internal.FutureMonitorImpl@663a9994
      deployedAppFactory = class com.ibm.ws.app.manager.war.internal.WARDeployedAppInfoFactoryImpl@22af08af
      serialVersionUID = 4622845147410944782
      $$$tc$$$ = class com.ibm.websphere.ras.TraceComponent@5c18d48a
    _ami = class java.util.concurrent.atomic.AtomicReference@dccf4fe
      serialVersionUID = -1848883965231344442
      unsafe = class sun.misc.Unsafe@54dde775
      valueOffset = 12
      value = class com.ibm.wsspi.application.handler.DefaultApplicationMonitoringInformation@67ce710b
    _updateHandler = class com.ibm.ws.app.manager.internal.statemachine.ApplicationStateMachineImpl@3237f361
      _tc = class com.ibm.websphere.ras.TraceComponent@5a76b11a
      EMPTY_FUTURE_ARRAY = interface java.util.concurrent.Future[0]
      asmSequenceNumber = class java.util.concurrent.atomic.AtomicLong@158fc1ae
      _qscaCounter = class java.util.concurrent.atomic.AtomicInteger@5a461683
      _failedThrowable = null
      _interruptibleLock = class com.ibm.ws.app.manager.internal.statemachine.ApplicationStateMachineImpl$2@703e2287
      _interruptible = false
      _performingQueuedActions = true
      _queuedActions = class java.util.concurrent.ConcurrentLinkedQueue@16bf3aa6
      _callbackState = class java.util.concurrent.atomic.AtomicReference@7dd61b6e
      blockAppStartingFutures = class java.util.Collections$SetFromMap@174ee859
      waitingForAppHandlerFuture = class java.util.concurrent.atomic.AtomicReference@1665da2d
      waitingForExplicitStartFuture = class java.util.concurrent.atomic.AtomicReference@7960b84d
      completionListener = class java.util.concurrent.atomic.AtomicReference@34a0d164
      _notifyAppStopped = class java.util.concurrent.ConcurrentLinkedQueue@54cceb89
      _notifyAppStarting = class java.util.concurrent.ConcurrentLinkedQueue@6c40f78f
      _notifyAppInstallCalled = class java.util.concurrent.ConcurrentLinkedQueue@109e989a
      _notifyAppStarted = class java.util.concurrent.ConcurrentLinkedQueue@2207501c
      _notifyAppRemoved = class java.util.concurrent.ConcurrentLinkedQueue@11246776
      _stateLock = class com.ibm.ws.app.manager.internal.statemachine.ApplicationStateMachineImpl$3@7a330652
      _internalState = class java.util.concurrent.atomic.AtomicReference@1e0d1bc6
      _currentAction = class java.util.concurrent.atomic.AtomicReference@6922fab
      _rfa = class java.util.concurrent.atomic.AtomicReference@343fe7d8
      _appInstallInfo = class java.util.concurrent.atomic.AtomicReference@56dc669b
      _update = class java.util.concurrent.atomic.AtomicBoolean@207994ad
      _appConfig = class java.util.concurrent.atomic.AtomicReference@3701087e
      _nextAppConfig = class java.util.concurrent.atomic.AtomicReference@7c4b3861
      _appContainer = class java.util.concurrent.atomic.AtomicReference@491671cd
      _resolvedLocation = class java.util.concurrent.atomic.AtomicReference@252658be
      _handler = class java.util.concurrent.atomic.AtomicReference@1adbf69c
      _asmSeqNo = 2
      _ctx = class org.eclipse.osgi.internal.framework.BundleContextImpl@4b910ad4
      _locAdmin = class com.ibm.ws.kernel.service.location.internal.WsLocationAdminImpl@3ff64d96
      _futureMonitor = class com.ibm.ws.threading.internal.FutureMonitorImpl@663a9994
      _artifactFactory = class com.ibm.ws.artifact.internal.ArtifactContainerFactoryService@6d554542
      _moduleFactory = class com.ibm.ws.adaptable.module.internal.AdaptableModuleFactoryImpl@43586796
      _executorService = class com.ibm.ws.threading.internal.ExecutorServiceImpl@4594dbbc
      _scheduledExecutorService = class com.ibm.ws.threading.internal.ScheduledExecutorImpl@52e09818
      _asmHelper = class com.ibm.ws.app.manager.internal.ApplicationConfigurator$NamedApplication@7a6ba704
      _appMonitor = class com.ibm.ws.app.manager.internal.monitor.ApplicationMonitor@174afbce
      enterStateCalled = class java.util.concurrent.atomic.AtomicBoolean@1add9e4c
      serialVersionUID = -1399093980790866556
      serialVersionUID = 5501066335104962649
      $$$tc$$$ = class com.ibm.websphere.ras.TraceComponent@6afe8ea9
    serialVersionUID = 3995013949638210907
    $$$tc$$$ = class com.ibm.websphere.ras.TraceComponent@6bb264ec
      strings[0] = "TraceComponent[com.ibm.ws.app.manager.internal.ApplicationInstallInfo,class com.ibm.ws.app.manager.internal.ApplicationInstallInfo,[applications, app.manager],com.ibm.ws.app.manager.internal.resources.AppManagerMessages,null]"
  location = "/home/ibmdemo/Student/workspace/microprofile/target/liberty/wlp/usr/servers/defaultServer/apps/microprofile-1.0-SNAPSHOT.war.xml"
  classLoadingService = class com.ibm.ws.classloading.internal.ClassLoadingServiceImpl@1e62ecd7
    tc = class com.ibm.websphere.ras.TraceComponent@40c038ee
      strings[0] = "TraceComponent[com.ibm.ws.classloading.internal.ClassLoadingServiceImpl,class com.ibm.ws.classloading.internal.ClassLoadingServiceImpl,[ClassLoadingService],com.ibm.ws.classloading.internal.resources.ClassLoadingServiceMessages,null]"
    leakDetectionMap = class java.util.HashMap@3428abd9
      serialVersionUID = 362498820763181265
      DEFAULT_INITIAL_CAPACITY = 16
      MAXIMUM_CAPACITY = 1073741824
      DEFAULT_LOAD_FACTOR = 0.75
      TREEIFY_THRESHOLD = 8
      UNTREEIFY_THRESHOLD = 6
      MIN_TREEIFY_CAPACITY = 64
      table = null
      entrySet = null
      size = 0
      modCount = 0
      threshold = 0
      loadFactor = 0.75
      keySet = null
      values = null
    TCCL_LOCK_WAIT = 15000
    REFERENCE_GENERATORS = "generators"
    bundleContext = class org.eclipse.osgi.internal.framework.BundleContextImpl@53d7bb52
      findHookName = "org.osgi.framework.hooks.bundle.FindHook"
      valid = true
      bundle = class org.eclipse.osgi.internal.framework.EquinoxBundle@62e2c83a
      container = class org.eclipse.osgi.internal.framework.EquinoxContainer@396b2139
      debug = class org.eclipse.osgi.internal.debug.Debug@7789de09
      servicesInUse = class java.util.HashMap@1fa3006b
      activator = null
      contextLock = class java.lang.Object@475485ad
    aclStore = class com.ibm.ws.classloading.internal.util.CanonicalStore@7eace18c
      map = class java.util.concurrent.ConcurrentHashMap@59db3a47
      q = class com.ibm.ws.classloading.internal.util.RefQueue@770c9e26
      serialVersionUID = 6715157558227169968
      $$$tc$$$ = class com.ibm.websphere.ras.TraceComponent@78ac5154
    tcclStore = class com.ibm.ws.classloading.internal.util.CanonicalStore@3161796d
      map = class java.util.concurrent.ConcurrentHashMap@4b52c6cb
      q = class com.ibm.ws.classloading.internal.util.RefQueue@7f4c28bf
      serialVersionUID = 6715157558227169968
      $$$tc$$$ = class com.ibm.websphere.ras.TraceComponent@78ac5154
    tcclStoreLock = class java.util.concurrent.locks.ReentrantLock@cb6a700
      serialVersionUID = 7373984872572414699
      sync = class java.util.concurrent.locks.ReentrantLock$NonfairSync@33279c8f
    digraph = class org.eclipse.equinox.internal.region.StandardRegionDigraph@7db1a32c
      EMPTY_EDGE_SET = class java.util.Collections$UnmodifiableSet@29471dd3
      monitor = class java.lang.Object@6f79a021
      regions = class java.util.HashMap@22aec783
      bundleIdToRegionMapping = class org.eclipse.equinox.internal.region.StandardBundleIdToRegionMapping@63a0cb0e
      edges = class java.util.HashMap@7298fb2c
      bundleContext = class org.eclipse.osgi.internal.framework.BundleContextImpl@59e2d8e3
      threadLocal = class java.lang.ThreadLocal@504225f6
      subgraphTraverser = class org.eclipse.equinox.internal.region.SubgraphTraverser@40472a2
      bundleCollisionHook = class org.eclipse.equinox.internal.region.hook.RegionBundleCollisionHook@61193197
      bundleEventHook = class org.eclipse.equinox.internal.region.hook.RegionBundleEventHook@54edf703
      bundleFindHook = class org.eclipse.equinox.internal.region.hook.RegionBundleFindHook@154105fd
      serviceEventHook = class org.eclipse.equinox.internal.region.hook.RegionServiceEventHook@32f7e495
      serviceFindHook = class org.eclipse.equinox.internal.region.hook.RegionServiceFindHook@1a4aeed5
      resolverHookFactory = class org.eclipse.equinox.internal.region.hook.RegionResolverHookFactory@21244770
      origin = null
      originUpdateCount = -1
      updateCount = class java.util.concurrent.atomic.AtomicLong@3cd7d044
      defaultRegion = null
    redefiner = class com.ibm.ws.classloading.internal.util.ClassRedefiner@64889d97
      tc = class com.ibm.websphere.ras.TraceComponent@127194df
      LS = "
"
      inst = class com.ibm.ws.kernel.launch.internal.TraceInstrumentation@68c093a3
      serialVersionUID = 2420101865139508526
    listener = class com.ibm.ws.classloading.internal.ClassLoadingServiceImpl$1@5e982a7a
      this$0 = class com.ibm.ws.classloading.internal.ClassLoadingServiceImpl@1e62ecd7
      serialVersionUID = -9159707349812113172
      $$$tc$$$ = class com.ibm.websphere.ras.TraceComponent@1815604e
    classloaders = class java.util.Collections$SynchronizedMap@672f180e
      serialVersionUID = 1978198479659022715
      m = class java.util.HashMap@1bbd46ef
      mutex = class java.util.Collections$SynchronizedMap@672f180e
      keySet = null
      entrySet = null
      values = null
    resourceProviders = class com.ibm.ws.classloading.internal.CompositeResourceProvider@17f76f04
      lockFactory = class java.util.concurrent.locks.ReentrantReadWriteLock@47f94133
      providerMap = class com.ibm.ws.classloading.internal.util.MultiMap@f7dfe5b
      serialVersionUID = -5576435894946156347
      $$$tc$$$ = class com.ibm.websphere.ras.TraceComponent@5fdab29f
    rememberedBundles = class java.util.concurrent.ConcurrentHashMap@37b33c48
      serialVersionUID = 7249069246763182397
      MAXIMUM_CAPACITY = 1073741824
      DEFAULT_CAPACITY = 16
      MAX_ARRAY_SIZE = 2147483639
      DEFAULT_CONCURRENCY_LEVEL = 16
      LOAD_FACTOR = 0.75
      TREEIFY_THRESHOLD = 8
      UNTREEIFY_THRESHOLD = 6
      MIN_TREEIFY_CAPACITY = 64
      MIN_TRANSFER_STRIDE = 16
      RESIZE_STAMP_BITS = 16
      MAX_RESIZERS = 65535
      RESIZE_STAMP_SHIFT = 16
      MOVED = -1
      TREEBIN = -2
      RESERVED = -3
      HASH_BITS = 2147483647
      NCPU = 4
      serialPersistentFields = class java.io.ObjectStreamField[3]
      table = class java.util.concurrent.ConcurrentHashMap$Node[16]
      nextTable = null
      baseCount = 4
      sizeCtl = 12
      transferIndex = 0
      cellsBusy = 0
      counterCells = null
      keySet = null
      values = null
      entrySet = null
      U = class sun.misc.Unsafe@54dde775
      SIZECTL = 20
      TRANSFERINDEX = 32
      BASECOUNT = 24
      CELLSBUSY = 36
      CELLVALUE = 144
      ABASE = 16
      ASHIFT = 2
      keySet = null
      values = null
    collectedBundles = class java.lang.ref.ReferenceQueue@28671b3e
      NULL = class java.lang.ref.ReferenceQueue$Null@2252c7d3
      ENQUEUED = class java.lang.ref.ReferenceQueue$Null@4a6ace7a
      lock = class java.lang.ref.ReferenceQueue$Lock@24383e4a
      head = null
      queueLength = 0
      $assertionsDisabled = true
    generatorRefs = class com.ibm.wsspi.kernel.service.utils.ConcurrentServiceReferenceSet@37178954
      referenceName = "generators"
      contextRef = class java.util.concurrent.atomic.AtomicReference@450794a6
      elementMap = class java.util.LinkedHashMap@6b7c5f07
      elementSet = class java.util.concurrent.ConcurrentSkipListSet@74bc94b9
      elementSetUnsorted = false
      serialVersionUID = 756240983881166148
      $$$tc$$$ = class com.ibm.websphere.ras.TraceComponent@62009439
    generatorManager = class com.ibm.ws.classloading.internal.ClassGeneratorManager@1bb44ffd
      tc = class com.ibm.websphere.ras.TraceComponent@125e30a5
      generatorRefs = class com.ibm.wsspi.kernel.service.utils.ConcurrentServiceReferenceSet@37178954
      serialVersionUID = 4152663586056483310
    appExtLibs = class java.util.concurrent.CopyOnWriteArrayList@35cb61bf
      serialVersionUID = 8673264195747942595
      lock = class java.util.concurrent.locks.ReentrantLock@1ed270b1
      array = class java.lang.Object[0]
      UNSAFE = class sun.misc.Unsafe@54dde775
      lockOffset = 12
    metaInfServicesProviders = class java.util.concurrent.ConcurrentHashMap@25e532d3
      serialVersionUID = 7249069246763182397
      MAXIMUM_CAPACITY = 1073741824
      DEFAULT_CAPACITY = 16
      MAX_ARRAY_SIZE = 2147483639
      DEFAULT_CONCURRENCY_LEVEL = 16
      LOAD_FACTOR = 0.75
      TREEIFY_THRESHOLD = 8
      UNTREEIFY_THRESHOLD = 6
      MIN_TREEIFY_CAPACITY = 64
      MIN_TRANSFER_STRIDE = 16
      RESIZE_STAMP_BITS = 16
      MAX_RESIZERS = 65535
      RESIZE_STAMP_SHIFT = 16
      MOVED = -1
      TREEBIN = -2
      RESERVED = -3
      HASH_BITS = 2147483647
      NCPU = 4
      serialPersistentFields = class java.io.ObjectStreamField[3]
      table = null
      nextTable = null
      baseCount = 0
      sizeCtl = 0
      transferIndex = 0
      cellsBusy = 0
      counterCells = null
      keySet = null
      values = null
      entrySet = null
      U = class sun.misc.Unsafe@54dde775
      SIZECTL = 20
      TRANSFERINDEX = 32
      BASECOUNT = 24
      CELLSBUSY = 36
      CELLVALUE = 144
      ABASE = 16
      ASHIFT = 2
      keySet = null
      values = null
    metaInfServicesRefs = class com.ibm.wsspi.kernel.service.utils.ConcurrentServiceReferenceMap@2e335212
      referenceName = "MetaInfServicesProvider"
      context = class org.apache.felix.scr.impl.manager.ComponentContextImpl@556021ca
      elementMap = class java.util.concurrent.ConcurrentHashMap@468e78ee
      serialVersionUID = 6980924785166233786
      $$$tc$$$ = class com.ibm.websphere.ras.TraceComponent@7da5c238
    protectionDomainMap = class java.util.HashMap@17413b8e
      serialVersionUID = 362498820763181265
      DEFAULT_INITIAL_CAPACITY = 16
      MAXIMUM_CAPACITY = 1073741824
      DEFAULT_LOAD_FACTOR = 0.75
      TREEIFY_THRESHOLD = 8
      UNTREEIFY_THRESHOLD = 6
      MIN_TREEIFY_CAPACITY = 64
      table = null
      entrySet = null
      size = 0
      modCount = 0
      threshold = 0
      loadFactor = 0.75
      keySet = null
      values = null
    metadataIdentifierService = class com.ibm.ws.container.service.metadata.internal.MetaDataServiceImpl@9bd04b6
    serialVersionUID = 3750725462702355330
  globalSharedLibrary = class com.ibm.ws.library.internal.SharedLibraryImpl@5a98533
    tc = class com.ibm.websphere.ras.TraceComponent@74d402d1
      strings[0] = "TraceComponent[com.ibm.ws.library.internal.SharedLibraryImpl,class com.ibm.ws.library.internal.SharedLibraryImpl,[SharedLibrary],com.ibm.ws.classloading.internal.resources.ClassLoadingServiceMessages,null]"
    EMPTY_LIBRARY_LISTENERS = interface com.ibm.wsspi.library.LibraryChangeListener[0]
    deleted = false
    libraryListenersTracker = class org.osgi.util.tracker.ServiceTracker@6deb3745
      DEBUG = false
      context = class org.eclipse.osgi.internal.framework.BundleContextImpl@53d7bb52
      filter = class org.eclipse.osgi.internal.framework.FilterImpl@63415a07
      customizer = class org.osgi.util.tracker.ServiceTracker@6deb3745
      listenerFilter = "(&(objectClass=com.ibm.wsspi.library.LibraryChangeListener)(|(library=global)(libraryRef=*com.ibm.ws.classloading.sharedlibrary_37*)))"
      trackClass = null
      trackReference = null
      tracked = class org.osgi.util.tracker.ServiceTracker$Tracked@45b4adb
      cachedReference = null
      cachedService = null
    libraryReg = class org.eclipse.osgi.internal.serviceregistry.ServiceRegistrationImpl@93ad570
      registry = class org.eclipse.osgi.internal.serviceregistry.ServiceRegistry@589a8892
      context = class org.eclipse.osgi.internal.framework.BundleContextImpl@53d7bb52
      bundle = class org.eclipse.osgi.internal.framework.EquinoxBundle@62e2c83a
      clazzes = class java.lang.String[1]
      service = class com.ibm.ws.library.internal.SharedLibraryImpl@5a98533
      reference = class org.eclipse.osgi.internal.serviceregistry.ServiceReferenceImpl@302bf07
      contextsUsing = class java.util.ArrayList@69f1c746
      properties = class java.util.Collections$UnmodifiableMap@65231cf2
      serviceid = 243
      serviceranking = 2
      registrationLock = class java.lang.Object@3355d6c4
      state = 0
      REGISTERED = 0
      UNREGISTERING = 1
      UNREGISTERED = 2
      FRAMEWORK_SET_SERVICE_PROPERTIES_COUNT = 4
      $assertionsDisabled = true
    ctx = class org.eclipse.osgi.internal.framework.BundleContextImpl@53d7bb52
    classLoadingService = class com.ibm.ws.classloading.internal.ClassLoadingServiceImpl@1e62ecd7
    configAdmin = class com.ibm.ws.config.admin.internal.ConfigurationAdminImpl@2dbd2c6c
      tc = class com.ibm.websphere.ras.TraceComponent@29c6436e
      bundle = class org.eclipse.osgi.internal.framework.EquinoxBundle@62e2c83a
      caFactory = class com.ibm.ws.config.admin.internal.ConfigAdminServiceFactory@7516b004
      serialVersionUID = 3160799878770679122
    resolvedBasePath = "/home/ibmdemo/Student/workspace/microprofile/target/liberty/wlp/usr/servers/defaultServer/"
    generationLock = class com.ibm.ws.library.internal.SharedLibraryImpl$1@6288bcc2
      this$0 = class com.ibm.ws.library.internal.SharedLibraryImpl@5a98533
      serialVersionUID = 2483639803450672373
      $$$tc$$$ = class com.ibm.websphere.ras.TraceComponent@45ee497e
    currentGeneration = class com.ibm.ws.library.internal.LibraryGeneration@2d49a789
      tc = class com.ibm.websphere.ras.TraceComponent@453652a5
      nextInt = class java.util.concurrent.atomic.AtomicInteger@59228a86
      libraryId = "global"
      genId = 2
      libraryProps = class java.util.Hashtable@423c4a50
      filesetRefs = class java.util.Collections$UnmodifiableRandomAccessList@40d0fe1
      apiTypeVisibility = class java.util.RegularEnumSet@27797ff7
      files = class java.util.Collections$EmptyList@7d3828af
      folders = class java.util.ArrayList@6a42b724
      fileAndFolderContainers = class java.util.Collections$EmptyList@7d3828af
      filesets = class java.util.concurrent.ArrayBlockingQueue@4a8c1ef6
      filesetListenerRegs = class java.util.concurrent.ConcurrentLinkedQueue@26127241
      cancelled = false
      library = class com.ibm.ws.library.internal.SharedLibraryImpl@5a98533
      serialVersionUID = 6965220007121905717
    nextGeneration = class com.ibm.ws.library.internal.LibraryGeneration@2d49a789
    artifactContainerFactory = class com.ibm.ws.library.internal.SharedLibraryFactory$1@19acfc7a
      this$0 = class com.ibm.ws.library.internal.SharedLibraryFactory@bbc47e9
      serialVersionUID = 7730244564205089330
      $$$tc$$$ = class com.ibm.websphere.ras.TraceComponent@7e28a168
    packageExporter = class com.ibm.ws.library.internal.LibraryPackageExporter@5db66d6f
      EXPORTER_POSTFIX = "_library_exporter"
      REGION_EXPORT_TO_LIBERTY = "liberty.library.export.to.liberty"
      REGION_EXPORT_TO_OSGI_APPS = "liberty.library.export.to.osgi.app"
      REGION_KERNEL = "org.eclipse.equinox.region.kernel"
      counter = class java.util.concurrent.atomic.AtomicLong@47c10312
      context = class org.eclipse.osgi.internal.framework.BundleContextImpl@53d7bb52
      digraph = class org.eclipse.equinox.internal.region.StandardRegionDigraph@7db1a32c
      bundleToLibrary = class java.util.concurrent.ConcurrentHashMap@3a8d1520
      libraryToVisibility = class java.util.concurrent.ConcurrentHashMap@53678e97
      serialVersionUID = 8074378969667956573
      $$$tc$$$ = class com.ibm.websphere.ras.TraceComponent@4f521bdd
    serialVersionUID = 6288237618632180389
  sharedLibDeploymentInfo = class com.ibm.ws.app.manager.module.internal.DeployedAppInfoBase$SharedLibDeploymentInfo@4b2b2a28
    bundleContext = class org.eclipse.osgi.internal.framework.BundleContextImpl@2ad17dbe
      findHookName = "org.osgi.framework.hooks.bundle.FindHook"
      valid = true
      bundle = class org.eclipse.osgi.internal.framework.EquinoxBundle@33951427
      container = class org.eclipse.osgi.internal.framework.EquinoxContainer@396b2139
      debug = class org.eclipse.osgi.internal.debug.Debug@7789de09
      servicesInUse = class java.util.HashMap@4f6ea988
      activator = null
      contextLock = class java.lang.Object@7ed0e4bb
    locAdmin = class com.ibm.ws.kernel.service.location.internal.WsLocationAdminImpl@3ff64d96
      tc = class com.ibm.websphere.ras.TraceComponent@1076ca7
      LOC_INTERNAL_LIB_DIR = "wlp.lib.dir"
      LOC_AREA_NAME_APPS = "shared/apps/"
      LOC_AREA_NAME_CONFIG = "shared/config/"
      LOC_AREA_NAME_RESC = "shared/resources/"
      LOC_AREA_NAME_STATE = "logs/state/"
      LOC_AREA_NAME_SERVERS = "servers/"
      LOC_AREA_NAME_CLIENTS = "clients/"
      LOC_AREA_NAME_WORKING = "workarea/"
      LOC_AREA_NAME_EXTENSION = "extension/"
      instance = class com.ibm.ws.staticvalue.StaticValue$FinalSingleton@3097575c
      installRoot = class com.ibm.ws.kernel.service.location.internal.SymbolicRootResource@63fc42d9
      installParentRoot = class com.ibm.ws.kernel.service.location.internal.SymbolicRootResource@45dbd82d
      userRoot = class com.ibm.ws.kernel.service.location.internal.SymbolicRootResource@57bf3748
      usrExtensionRoot = class com.ibm.ws.kernel.service.location.internal.SymbolicRootResource@5d18a754
      serverConfigDir = class com.ibm.ws.kernel.service.location.internal.SymbolicRootResource@5c73dca4
      serverOutputDir = class com.ibm.ws.kernel.service.location.internal.SymbolicRootResource@5c73dca4
      bootstrapLib = class com.ibm.ws.kernel.service.location.internal.LocalFileResource@47727db7
      serverWorkarea = class com.ibm.ws.kernel.service.location.internal.LocalFileResource@69d90766
      serverState = class com.ibm.ws.kernel.service.location.internal.LocalFileResource@71e33f0e
      sharedAppsRoot = class com.ibm.ws.kernel.service.location.internal.SymbolicRootResource@33b74b6a
      sharedConfigRoot = class com.ibm.ws.kernel.service.location.internal.SymbolicRootResource@67fc176e
      sharedResourceRoot = class com.ibm.ws.kernel.service.location.internal.SymbolicRootResource@463fdec0
      tmpRoot = class com.ibm.ws.kernel.service.location.internal.SymbolicRootResource@2ecc9246
      serverName = "defaultServer"
      resourcePaths = class java.util.ArrayList@27a960ee
      resourceGroups = class java.util.HashMap@20e95412
      commonRoot = class com.ibm.ws.kernel.service.location.internal.VirtualRootResource@18185711
      serialVersionUID = 7766352982799267432
    artifactFactory = class com.ibm.ws.artifact.internal.ArtifactContainerFactoryService@6d554542
      CATEGORY_PROP_NAME = "category"
      ENTRY_KEY = "com.ibm.wsspi.artifact.ArtifactEntry"
      helperMap = class com.ibm.wsspi.kernel.service.utils.ConcurrentServiceReferenceSetMap@2f8188fe
      contributorMap = class com.ibm.wsspi.kernel.service.utils.ConcurrentServiceReferenceSetMap@6f55924b
      helperCategoryMap = class com.ibm.wsspi.kernel.service.utils.ConcurrentServiceReferenceSetMap@198c4e13
      contributorCategoryMap = class com.ibm.wsspi.kernel.service.utils.ConcurrentServiceReferenceSetMap@5fc139dd
      categories = class java.util.Collections$SynchronizedSet@7c249ca3
      baseProperties = class org.apache.felix.scr.impl.helper.ReadOnlyDictionary@3f208ea6
      serialVersionUID = -3101641399269402013
      $$$tc$$$ = class com.ibm.websphere.ras.TraceComponent@c0ff660
    moduleFactory = class com.ibm.ws.adaptable.module.internal.AdaptableModuleFactoryImpl@43586796
      adapterFactoryService = class com.ibm.ws.adaptable.module.internal.AdapterFactoryServiceImpl@3d92ddbd
      containerFactory = class com.ibm.ws.artifact.internal.ArtifactContainerFactoryService@6d554542
      overlayContainerFactory = class com.ibm.ws.artifact.overlay.internal.OverlayContainerFactoryImpl@7b53287c
      serialVersionUID = 4200251809856292987
      $$$tc$$$ = class com.ibm.websphere.ras.TraceComponent@3cbb25d0
    classesContainerInfo = class java.util.ArrayList@aa5ac60
      serialVersionUID = 8683452581122892189
      DEFAULT_CAPACITY = 10
      EMPTY_ELEMENTDATA = class java.lang.Object[0]
      DEFAULTCAPACITY_EMPTY_ELEMENTDATA = class java.lang.Object[0]
      elementData = class java.lang.Object[0]
      size = 0
      MAX_ARRAY_SIZE = 2147483639
      modCount = 0
      MAX_ARRAY_SIZE = 2147483639
    serialVersionUID = -9033256786848720484
    $$$tc$$$ = class com.ibm.websphere.ras.TraceComponent@7a472c0
      strings[0] = "TraceComponent[com.ibm.ws.app.manager.module.internal.DeployedAppInfoBase$SharedLibDeploymentInfo,class com.ibm.ws.app.manager.module.internal.DeployedAppInfoBase$SharedLibDeploymentInfo,[applications, app.manager],,null]"
  futureMonitor = class com.ibm.ws.threading.internal.FutureMonitorImpl@663a9994
    _monitor = class java.util.concurrent.ConcurrentLinkedQueue@60f0f8af
      serialVersionUID = 196745693267521676
      head = class java.util.concurrent.ConcurrentLinkedQueue$Node@7d65cbbc
      tail = class java.util.concurrent.ConcurrentLinkedQueue$Node@7d65cbbc
      UNSAFE = class sun.misc.Unsafe@54dde775
      headOffset = 12
      tailOffset = 16
      MAX_ARRAY_SIZE = 2147483639
    _executor = class com.ibm.ws.threading.internal.ScheduledExecutorImpl@52e09818
      threadGroupName = "Scheduled Executor Thread Group"
      executor = class com.ibm.ws.threading.internal.ExecutorServiceImpl@4594dbbc
      serialVersionUID = -9110693807503469597
      $$$tc$$$ = class com.ibm.websphere.ras.TraceComponent@15f96688
      continueExistingPeriodicTasksAfterShutdown = false
      executeExistingDelayedTasksAfterShutdown = true
      removeOnCancel = false
      sequencer = class java.util.concurrent.atomic.AtomicLong@119cd509
      ctl = class java.util.concurrent.atomic.AtomicInteger@1ce1fed0
      COUNT_BITS = 29
      CAPACITY = 536870911
      RUNNING = -536870912
      SHUTDOWN = 0
      STOP = 536870912
      TIDYING = 1073741824
      TERMINATED = 1610612736
      workQueue = class java.util.concurrent.ScheduledThreadPoolExecutor$DelayedWorkQueue@7c0e4431
      mainLock = class java.util.concurrent.locks.ReentrantLock@224a9f46
      workers = class java.util.HashSet@5589329b
      termination = class java.util.concurrent.locks.AbstractQueuedSynchronizer$ConditionObject@460d4184
      largestPoolSize = 1
      completedTaskCount = 0
      threadFactory = class com.ibm.ws.threading.internal.ThreadFactoryImpl@48acaab8
      handler = class java.util.concurrent.ThreadPoolExecutor$AbortPolicy@3e6aac44
      keepAliveTime = 0
      allowCoreThreadTimeOut = false
      corePoolSize = 1
      maximumPoolSize = 2147483647
      defaultHandler = class java.util.concurrent.ThreadPoolExecutor$AbortPolicy@3e6aac44
      shutdownPerm = class java.lang.RuntimePermission@22eb4cf8
      acc = null
      ONLY_ONE = true
      $assertionsDisabled = true
    _threadRunning = class java.util.concurrent.atomic.AtomicBoolean@52e24663
      serialVersionUID = 4654671469794556979
      unsafe = class sun.misc.Unsafe@54dde775
      valueOffset = 12
      value = 0
    _thread = class com.ibm.ws.threading.internal.FutureMonitorImpl$1@ed892d2
      this$0 = class com.ibm.ws.threading.internal.FutureMonitorImpl@663a9994
      serialVersionUID = 2422512430832938099
      $$$tc$$$ = class com.ibm.websphere.ras.TraceComponent@6cd391c9
    serialVersionUID = 2765238413969174390
    $$$tc$$$ = class com.ibm.websphere.ras.TraceComponent@43519f62
      strings[0] = "TraceComponent[com.ibm.ws.threading.internal.FutureMonitorImpl,class com.ibm.ws.threading.internal.FutureMonitorImpl,[Threading],com.ibm.ws.threading.internal.resources.ThreadingMessages,null]"
  configAdmin = class com.ibm.ws.config.admin.internal.ConfigurationAdminImpl@dbcc6e
    tc = class com.ibm.websphere.ras.TraceComponent@29c6436e
      strings[0] = "TraceComponent[com.ibm.ws.config.admin.internal.ConfigurationAdminImpl,class com.ibm.ws.config.admin.internal.ConfigurationAdminImpl,[config],com.ibm.ws.config.internal.resources.ConfigMessages,null]"
    bundle = class org.eclipse.osgi.internal.framework.EquinoxBundle@33951427
      equinoxContainer = class org.eclipse.osgi.internal.framework.EquinoxContainer@396b2139
      module = class org.eclipse.osgi.internal.framework.EquinoxBundle$EquinoxModule@8a4dc86
      monitor = class java.lang.Object@7a99b6bd
      context = class org.eclipse.osgi.internal.framework.BundleContextImpl@2ad17dbe
      signerInfos = null
      $SWITCH_TABLE$org$eclipse$osgi$container$Module$State = {1,2,3,4,5,6,7} /* array length = 7 */
    caFactory = class com.ibm.ws.config.admin.internal.ConfigAdminServiceFactory@7516b004
      tc = class com.ibm.websphere.ras.TraceComponent@6f0107bf
      configurationPermission = class org.osgi.service.cm.ConfigurationPermission@16b65b97
      INDEX_DICTIONARY = 0
      INDEX_LOCATION = 1
      INDEX_METATYPE_PROCESSED = 2
      INDEX_IN_OVERRIDES_FILE = 3
      INDEX_REFERENCES = 4
      INDEX_UNIQUES = 5
      bundleContext = class org.eclipse.osgi.internal.framework.BundleContextImpl@43a0a6d3
      msTracker = class com.ibm.ws.config.admin.internal.ManagedServiceTracker@4b8fa314
      msfTracker = class com.ibm.ws.config.admin.internal.ManagedServiceFactoryTracker@5598730a
      pluginManager = class com.ibm.ws.config.admin.internal.PluginManager@1d2d68f2
      configurationStore = class com.ibm.ws.config.admin.internal.ConfigurationStore@39e3e223
      updateQueue = class com.ibm.ws.config.admin.internal.UpdateQueue@f426108
      ced = class com.ibm.ws.config.admin.internal.ConfigEventDispatcher@19d453c9
      idMap = class java.util.Collections$SynchronizedMap@6fc8c2f9
      referenceMap = class java.util.Collections$SynchronizedMap@499cc7d9
      variableRegistryTracker = class org.osgi.util.tracker.ServiceTracker@554ab5c3
      variableRegistry = class com.ibm.ws.kernel.service.location.internal.VariableRegistryHelper@6ebbeeb8
      configurationAdminRef = class org.eclipse.osgi.internal.serviceregistry.ServiceRegistrationImpl@1ff94cf9
      serialVersionUID = 6695202270027014725
    serialVersionUID = 3160799878770679122
  libraryConfigHelper = class com.ibm.ws.classloading.ClassLoaderConfigHelper@9d69cf6
    tc = class com.ibm.websphere.ras.TraceComponent@6649de29
      strings[0] = "TraceComponent[com.ibm.ws.classloading.ClassLoaderConfigHelper,class com.ibm.ws.classloading.ClassLoaderConfigHelper,[ClassLoadingService],com.ibm.ws.classloading.internal.resources.ClassLoadingServiceMessages,null]"
    DEFAULT_API_TYPES = class java.util.RegularEnumSet@15395e9a
      serialVersionUID = 3411599620347842686
      elements = 23
      elementType = class java.lang.Class@3175db33
      universe = class com.ibm.wsspi.classloading.ApiType[5]
      ZERO_LENGTH_ENUM_ARRAY = class java.lang.Enum[0]
      MAX_ARRAY_SIZE = 2147483639
    sharedLibraries = class java.util.Collections$EmptyList@7d3828af
      serialVersionUID = 8842843931221139166
      modCount = 0
      MAX_ARRAY_SIZE = 2147483639
    commonLibraries = class java.util.Collections$EmptyList@7d3828af
    classProviders = class java.util.Collections$EmptyList@7d3828af
    sharedLibrariesPids = null
    commonLibrariesPids = null
    isDelegateLast = false
    apiTypes = class java.util.RegularEnumSet@15395e9a
    classLoaderConfigProps = null
    serialVersionUID = -3051196824456962209
  isDelegateLast = false
  permissionManager = class com.ibm.ws.security.java2sec.PermissionManager@401f00e2
    tc = class com.ibm.websphere.ras.TraceComponent@4b6764a
      strings[0] = "TraceComponent[com.ibm.ws.security.java2sec.PermissionManager,class com.ibm.ws.security.java2sec.PermissionManager,[Java2SecurityUtil],com.ibm.ws.security.java2sec.resources.Java2SecurityUtilMessages,null]"
    classLoadingService = class com.ibm.ws.classloading.internal.ClassLoadingServiceImpl@1e62ecd7
    DEFAULT_SERVER_RESTRICTABLE_PERMISSIONS = class java.security.Permission[4]
      Permission[0] = class java.lang.RuntimePermission@38b8dfee
      Permission[1] = class java.lang.RuntimePermission@54ebb629
      Permission[2] = class java.security.SecurityPermission@7a8510de
      Permission[3] = class javax.security.auth.AuthPermission@4d1e6d6d
    DEFAULT_CLIENT_RESTRICTABLE_PERMISSIONS = class java.security.Permission[3]
      Permission[0] = class java.lang.RuntimePermission@520cb8f6
      Permission[1] = class java.security.SecurityPermission@3e4e1c49
      Permission[2] = class javax.security.auth.AuthPermission@54ed9656
    isServer = true
    wsjarUrlStreamHandlerAvailable = true
    restrictablePermissions = class java.util.ArrayList@117ace94
      serialVersionUID = 8683452581122892189
      DEFAULT_CAPACITY = 10
      EMPTY_ELEMENTDATA = class java.lang.Object[0]
      DEFAULTCAPACITY_EMPTY_ELEMENTDATA = class java.lang.Object[0]
      elementData = class java.lang.Object[10]
      size = 4
      MAX_ARRAY_SIZE = 2147483639
      modCount = 4
      MAX_ARRAY_SIZE = 2147483639
    grantedPermissions = class java.util.ArrayList@14c44bfc
      serialVersionUID = 8683452581122892189
      DEFAULT_CAPACITY = 10
      EMPTY_ELEMENTDATA = class java.lang.Object[0]
      DEFAULTCAPACITY_EMPTY_ELEMENTDATA = class java.lang.Object[0]
      elementData = class java.lang.Object[0]
      size = 0
      MAX_ARRAY_SIZE = 2147483639
      modCount = 0
      MAX_ARRAY_SIZE = 2147483639
    KEY_PERMISSION = "permission"
    INCORRECT_PERMISSION_CONFIGURATION = "INCORRECT_PERMISSION_CONFIGURATION"
    PERMISSION_CLASSNOTFOUND = "PERMISSION_CLASSNOTFOUND"
    SERVER_XML = "server.xml"
    CLIENT_XML = "client.xml"
    originationFile = "server.xml"
    permissions = class com.ibm.wsspi.kernel.service.utils.ConcurrentServiceReferenceSet@62d5dc42
      referenceName = "permission"
      contextRef = class java.util.concurrent.atomic.AtomicReference@42c17c1d
      elementMap = class java.util.LinkedHashMap@45e69c76
      elementSet = class java.util.concurrent.ConcurrentSkipListSet@26fc008a
      elementSetUnsorted = false
      serialVersionUID = 756240983881166148
      $$$tc$$$ = class com.ibm.websphere.ras.TraceComponent@62009439
    codeBasePermissionMap = class java.util.HashMap@312683e0
      serialVersionUID = 362498820763181265
      DEFAULT_INITIAL_CAPACITY = 16
      MAXIMUM_CAPACITY = 1073741824
      DEFAULT_LOAD_FACTOR = 0.75
      TREEIFY_THRESHOLD = 8
      UNTREEIFY_THRESHOLD = 6
      MIN_TREEIFY_CAPACITY = 64
      table = null
      entrySet = null
      size = 0
      modCount = 0
      threshold = 0
      loadFactor = 0.75
      keySet = class java.util.HashMap$KeySet@5b1f217c
      values = null
    permissionXMLPermissionMap = class java.util.HashMap@766fe53e
      serialVersionUID = 362498820763181265
      DEFAULT_INITIAL_CAPACITY = 16
      MAXIMUM_CAPACITY = 1073741824
      DEFAULT_LOAD_FACTOR = 0.75
      TREEIFY_THRESHOLD = 8
      UNTREEIFY_THRESHOLD = 6
      MIN_TREEIFY_CAPACITY = 64
      table = null
      entrySet = null
      size = 0
      modCount = 0
      threshold = 0
      loadFactor = 0.75
      keySet = null
      values = null
    serialVersionUID = -1314772785255050069
  permissionsConfig = null
  serialVersionUID = -6908382869835671687
  appInfo = class com.ibm.ws.container.service.app.deploy.internal.ApplicationInfoImpl@1b694c07
    appName = "microprofile-1.0-SNAPSHOT"
    appMetaData = class com.ibm.ws.container.service.app.deploy.internal.ApplicationMetaDataImpl@18ad8694
      j2eeName = class com.ibm.ws.container.service.metadata.internal.J2EENameImpl@2e4087c7
      serialVersionUID = -7906531148367236579
      $$$tc$$$ = class com.ibm.websphere.ras.TraceComponent@57c95d35
      tc = class com.ibm.websphere.ras.TraceComponent@7e77fe75
      NUM_STATIC_SLOTS = 4
      ID_UNINITIALIZED = -1
      id = 2
      metaDataInterface = class java.lang.Class@2b96c4c9
      staticSlots = class java.lang.Object[4]
      dynamicSlots = null
    appContainer = class com.ibm.ws.adaptable.module.internal.AdaptableContainerImpl@35602aa
    configHelper = class com.ibm.ws.app.manager.module.ApplicationNestedConfigHelper@71d03117
      appInfo = class com.ibm.ws.app.manager.internal.ApplicationInstallInfo@2a05e776
      serialVersionUID = -3174031738676705046
      $$$tc$$$ = class com.ibm.websphere.ras.TraceComponent@10fd4491
    serialVersionUID = 7091777744534637201
    $$$tc$$$ = class com.ibm.websphere.ras.TraceComponent@598e1335
      strings[0] = "TraceComponent[com.ibm.ws.container.service.app.deploy.internal.ApplicationInfoImpl,class com.ibm.ws.container.service.app.deploy.internal.ApplicationInfoImpl,[container.service],com.ibm.ws.container.service.resources.Messages,null]"
  modulesDeployed = class java.util.ArrayList@c91062f
    serialVersionUID = 8683452581122892189
    DEFAULT_CAPACITY = 10
    EMPTY_ELEMENTDATA = class java.lang.Object[0]
    DEFAULTCAPACITY_EMPTY_ELEMENTDATA = class java.lang.Object[0]
    elementData = class java.lang.Object[10]
      Object[0] = class com.ibm.ws.app.manager.module.internal.DeployedModuleInfoImpl@c9af541
      Object[1] = null
      Object[2] = null
      Object[3] = null
      Object[4] = null
      Object[5] = null
      Object[6] = null
      Object[7] = null
      Object[8] = null
      Object[9] = null
    size = 1
    MAX_ARRAY_SIZE = 2147483639
    modCount = 1
    MAX_ARRAY_SIZE = 2147483639
  starting = true
  started = false
  appInfoFactory = class com.ibm.ws.container.service.app.deploy.internal.ApplicationInfoFactoryImpl@311d1a67
    j2eeNameFactory = class com.ibm.wsspi.kernel.service.utils.AtomicServiceReference@7a7fb4b7
      referenceName = "j2eeNameFactory"
      tuple = class java.util.concurrent.atomic.AtomicReference@69fc01e6
      serialVersionUID = 2226592364007985000
      $$$tc$$$ = class com.ibm.websphere.ras.TraceComponent@20b78e24
    names = class java.util.HashSet@1aea219e
      serialVersionUID = -5024744406713321676
      map = class java.util.HashMap@27928cf4
      PRESENT = class java.lang.Object@7189d033
      MAX_ARRAY_SIZE = 2147483639
    serialVersionUID = 6232436640731165768
    $$$tc$$$ = class com.ibm.websphere.ras.TraceComponent@31d18348
      strings[0] = "TraceComponent[com.ibm.ws.container.service.app.deploy.internal.ApplicationInfoFactoryImpl,class com.ibm.ws.container.service.app.deploy.internal.ApplicationInfoFactoryImpl,[container.service],com.ibm.ws.container.service.resources.Messages,null]"
  metaDataService = class com.ibm.ws.container.service.metadata.internal.MetaDataServiceImpl@9bd04b6
    applicationMetaDataManager = class com.ibm.ws.container.service.metadata.internal.ApplicationMetaDataManager@5602177e
      serialVersionUID = 1843747281024490904
      $$$tc$$$ = class com.ibm.websphere.ras.TraceComponent@4bb0141c
      listeners = class com.ibm.wsspi.kernel.service.utils.ConcurrentServiceReferenceSet@8698192
      metaDataIDs = class com.ibm.ws.container.service.metadata.internal.IndexList@63a7610b
      metaDatas = class java.util.ArrayList@4091bffc
      slotIDs = class com.ibm.ws.container.service.metadata.internal.IndexList@5b027f88
      serialVersionUID = 5464421863354792977
      $$$tc$$$ = class com.ibm.websphere.ras.TraceComponent@15f7ee0b
    moduleMetaDataManager = class com.ibm.ws.container.service.metadata.internal.ModuleMetaDataManager@7172534b
      serialVersionUID = 2513574389899327209
      $$$tc$$$ = class com.ibm.websphere.ras.TraceComponent@6da7522c
      listeners = class com.ibm.wsspi.kernel.service.utils.ConcurrentServiceReferenceSet@57e40b3d
      metaDataIDs = class com.ibm.ws.container.service.metadata.internal.IndexList@23a1be87
      metaDatas = class java.util.ArrayList@1191c9d8
      slotIDs = class com.ibm.ws.container.service.metadata.internal.IndexList@32cddc21
      serialVersionUID = 5464421863354792977
      $$$tc$$$ = class com.ibm.websphere.ras.TraceComponent@15f7ee0b
    componentMetaDataManager = class com.ibm.ws.container.service.metadata.internal.ComponentMetaDataManager@89ad259
      serialVersionUID = 8629793739641703882
      $$$tc$$$ = class com.ibm.websphere.ras.TraceComponent@32f0c49
      listeners = class com.ibm.wsspi.kernel.service.utils.ConcurrentServiceReferenceSet@75c7e107
      metaDataIDs = class com.ibm.ws.container.service.metadata.internal.IndexList@61af210e
      metaDatas = class java.util.ArrayList@6729bbf1
      slotIDs = class com.ibm.ws.container.service.metadata.internal.IndexList@111a3581
      serialVersionUID = 5464421863354792977
      $$$tc$$$ = class com.ibm.websphere.ras.TraceComponent@15f7ee0b
    methodMetaDataManager = class com.ibm.ws.container.service.metadata.internal.MethodMetaDataManager@27c2a7c6
      serialVersionUID = -3308748211841563417
      $$$tc$$$ = class com.ibm.websphere.ras.TraceComponent@36faee2
      listeners = class com.ibm.wsspi.kernel.service.utils.ConcurrentServiceReferenceSet@4ad1cd
      metaDataIDs = class com.ibm.ws.container.service.metadata.internal.IndexList@5603a59b
      metaDatas = class java.util.ArrayList@13be7f51
      slotIDs = class com.ibm.ws.container.service.metadata.internal.IndexList@36804543
      serialVersionUID = 5464421863354792977
      $$$tc$$$ = class com.ibm.websphere.ras.TraceComponent@15f7ee0b
    appModuleNameToModuleContainer = class java.util.concurrent.ConcurrentHashMap@613deda7
      serialVersionUID = 7249069246763182397
      MAXIMUM_CAPACITY = 1073741824
      DEFAULT_CAPACITY = 16
      MAX_ARRAY_SIZE = 2147483639
      DEFAULT_CONCURRENCY_LEVEL = 16
      LOAD_FACTOR = 0.75
      TREEIFY_THRESHOLD = 8
      UNTREEIFY_THRESHOLD = 6
      MIN_TREEIFY_CAPACITY = 64
      MIN_TRANSFER_STRIDE = 16
      RESIZE_STAMP_BITS = 16
      MAX_RESIZERS = 65535
      RESIZE_STAMP_SHIFT = 16
      MOVED = -1
      TREEBIN = -2
      RESERVED = -3
      HASH_BITS = 2147483647
      NCPU = 4
      serialPersistentFields = class java.io.ObjectStreamField[3]
      table = class java.util.concurrent.ConcurrentHashMap$Node[16]
      nextTable = null
      baseCount = 6
      sizeCtl = 12
      transferIndex = 0
      cellsBusy = 0
      counterCells = null
      keySet = null
      values = null
      entrySet = null
      U = class sun.misc.Unsafe@54dde775
      SIZECTL = 20
      TRANSFERINDEX = 32
      BASECOUNT = 24
      CELLSBUSY = 36
      CELLVALUE = 144
      ABASE = 16
      ASHIFT = 2
      keySet = null
      values = null
    jeeNameToComponentMetaData = class java.util.concurrent.ConcurrentHashMap@23612c0
      serialVersionUID = 7249069246763182397
      MAXIMUM_CAPACITY = 1073741824
      DEFAULT_CAPACITY = 16
      MAX_ARRAY_SIZE = 2147483639
      DEFAULT_CONCURRENCY_LEVEL = 16
      LOAD_FACTOR = 0.75
      TREEIFY_THRESHOLD = 8
      UNTREEIFY_THRESHOLD = 6
      MIN_TREEIFY_CAPACITY = 64
      MIN_TRANSFER_STRIDE = 16
      RESIZE_STAMP_BITS = 16
      MAX_RESIZERS = 65535
      RESIZE_STAMP_SHIFT = 16
      MOVED = -1
      TREEBIN = -2
      RESERVED = -3
      HASH_BITS = 2147483647
      NCPU = 4
      serialPersistentFields = class java.io.ObjectStreamField[3]
      table = class java.util.concurrent.ConcurrentHashMap$Node[16]
      nextTable = null
      baseCount = 11
      sizeCtl = 12
      transferIndex = 0
      cellsBusy = 0
      counterCells = null
      keySet = null
      values = null
      entrySet = null
      U = class sun.misc.Unsafe@54dde775
      SIZECTL = 20
      TRANSFERINDEX = 32
      BASECOUNT = 24
      CELLSBUSY = 36
      CELLVALUE = 144
      ABASE = 16
      ASHIFT = 2
      keySet = null
      values = null
    deferredMetaDataFactories = class com.ibm.wsspi.kernel.service.utils.ConcurrentServiceReferenceSet@5ce000c5
      referenceName = "deferredMetaDataFactory"
      contextRef = class java.util.concurrent.atomic.AtomicReference@3775c4ee
      elementMap = class java.util.LinkedHashMap@2b019a12
      elementSet = class java.util.concurrent.ConcurrentSkipListSet@7f3b80c9
      elementSetUnsorted = false
      serialVersionUID = 756240983881166148
      $$$tc$$$ = class com.ibm.websphere.ras.TraceComponent@62009439
    deferredMetaDataInitializers = class com.ibm.wsspi.kernel.service.utils.ConcurrentServiceReferenceMap@6eae7008
      referenceName = "deferredMetaDataFactory"
      context = class org.apache.felix.scr.impl.manager.ComponentContextImpl@7db359c5
      elementMap = class java.util.concurrent.ConcurrentHashMap@6817f04
      serialVersionUID = 6980924785166233786
      $$$tc$$$ = class com.ibm.websphere.ras.TraceComponent@7da5c238
    serialVersionUID = -2494605732980966097
    $$$tc$$$ = class com.ibm.websphere.ras.TraceComponent@721b85b4
      strings[0] = "TraceComponent[com.ibm.ws.container.service.metadata.internal.MetaDataServiceImpl,class com.ibm.ws.container.service.metadata.internal.MetaDataServiceImpl,[Runtime],,null]"
  stateChangeService = class com.ibm.ws.container.service.state.internal.StateChangeServiceImpl@38a57247
    applicationStateManager = class com.ibm.ws.container.service.state.internal.ApplicationStateManager@534d3182
      serialVersionUID = -6685368059484454124
      $$$tc$$$ = class com.ibm.websphere.ras.TraceComponent@2ab04914
      listeners = class com.ibm.wsspi.kernel.service.utils.ConcurrentServiceReferenceSet@68c063af
      serialVersionUID = 2284273176985484160
      $$$tc$$$ = class com.ibm.websphere.ras.TraceComponent@13f403da
    moduleStateManager = class com.ibm.ws.container.service.state.internal.ModuleStateManager@73cd493f
      serialVersionUID = -5540260902341249963
      $$$tc$$$ = class com.ibm.websphere.ras.TraceComponent@6e16b5e0
      listeners = class com.ibm.wsspi.kernel.service.utils.ConcurrentServiceReferenceSet@42ed7ad6
      serialVersionUID = 2284273176985484160
      $$$tc$$$ = class com.ibm.websphere.ras.TraceComponent@13f403da
    serialVersionUID = -537917915330350560
    $$$tc$$$ = class com.ibm.websphere.ras.TraceComponent@5593859
      strings[0] = "TraceComponent[com.ibm.ws.container.service.state.internal.StateChangeServiceImpl,class com.ibm.ws.container.service.state.internal.StateChangeServiceImpl,[Runtime],,null]"
  moduleClassesInfo = class com.ibm.ws.app.manager.module.internal.SimpleDeployedAppInfoBase$ModuleClassesInfoProvider@63e53722
    entryContainerInfosMap = class java.util.HashMap@709b0e62
      serialVersionUID = 362498820763181265
      DEFAULT_INITIAL_CAPACITY = 16
      MAXIMUM_CAPACITY = 1073741824
      DEFAULT_LOAD_FACTOR = 0.75
      TREEIFY_THRESHOLD = 8
      UNTREEIFY_THRESHOLD = 6
      MIN_TREEIFY_CAPACITY = 64
      table = null
      entrySet = null
      size = 0
      modCount = 0
      threshold = 0
      loadFactor = 0.75
      keySet = null
      values = null
    serialVersionUID = -70332790531324534
    $$$tc$$$ = class com.ibm.websphere.ras.TraceComponent@b091589
      strings[0] = "TraceComponent[com.ibm.ws.app.manager.module.internal.SimpleDeployedAppInfoBase$ModuleClassesInfoProvider,class com.ibm.ws.app.manager.module.internal.SimpleDeployedAppInfoBase$ModuleClassesInfoProvider,[applications, app.manager],,null]"
  moduleContainerInfos = class java.util.ArrayList@67c1e50f
    serialVersionUID = 8683452581122892189
    DEFAULT_CAPACITY = 10
    EMPTY_ELEMENTDATA = class java.lang.Object[0]
    DEFAULTCAPACITY_EMPTY_ELEMENTDATA = class java.lang.Object[0]
    elementData = class java.lang.Object[10]
      Object[0] = class com.ibm.ws.app.manager.module.internal.SimpleDeployedAppInfoBase$WebModuleContainerInfo@3d1347fb
      Object[1] = null
      Object[2] = null
      Object[3] = null
      Object[4] = null
      Object[5] = null
      Object[6] = null
      Object[7] = null
      Object[8] = null
      Object[9] = null
    size = 1
    MAX_ARRAY_SIZE = 2147483639
    modCount = 1
    MAX_ARRAY_SIZE = 2147483639
  activeModuleHandlers = class java.util.IdentityHashMap@3e5615b2
    DEFAULT_CAPACITY = 32
    MINIMUM_CAPACITY = 4
    MAXIMUM_CAPACITY = 536870912
    table = class java.lang.Object[16]
      Object[0] = null
      Object[1] = null
      Object[2] = null
      Object[3] = null
      Object[4] = null
      Object[5] = null
      Object[6] = null
      Object[7] = null
      Object[8] = null
      Object[9] = null
      Object[10] = null
      Object[11] = null
      Object[12] = null
      Object[13] = null
      Object[14] = null
      Object[15] = null
    size = 0
    modCount = 2
    NULL_KEY = class java.lang.Object@458a5a41
    entrySet = null
    serialVersionUID = 8188218128353913216
    keySet = null
    values = null
  serialVersionUID = 7078125893012250887
  $$$tc$$$ = class com.ibm.websphere.ras.TraceComponent@5a63cec3
    strings[0] = "TraceComponent[com.ibm.ws.app.manager.module.internal.SimpleDeployedAppInfoBase,class com.ibm.ws.app.manager.module.internal.SimpleDeployedAppInfoBase,[applications, app.manager],,null]"

Dump of objectArray[0]
Object type = com.ibm.ws.threading.internal.NonCancelableResultFuture
  _done = false
  _result = null
  _failure = null
  _listeners = class java.util.concurrent.ConcurrentLinkedQueue@7b77c272
    serialVersionUID = 196745693267521676
    head = class java.util.concurrent.ConcurrentLinkedQueue$Node@2320346a
      item = null
      next = null
      UNSAFE = class sun.misc.Unsafe@54dde775
      itemOffset = 12
      nextOffset = 16
    tail = class java.util.concurrent.ConcurrentLinkedQueue$Node@2320346a
    UNSAFE = class sun.misc.Unsafe@54dde775
      theUnsafe = class sun.misc.Unsafe@54dde775
      INVALID_FIELD_OFFSET = -1
      ARRAY_BOOLEAN_BASE_OFFSET = 16
      ARRAY_BYTE_BASE_OFFSET = 16
      ARRAY_SHORT_BASE_OFFSET = 16
      ARRAY_CHAR_BASE_OFFSET = 16
      ARRAY_INT_BASE_OFFSET = 16
      ARRAY_LONG_BASE_OFFSET = 16
      ARRAY_FLOAT_BASE_OFFSET = 16
      ARRAY_DOUBLE_BASE_OFFSET = 16
      ARRAY_OBJECT_BASE_OFFSET = 16
      ARRAY_BOOLEAN_INDEX_SCALE = 1
      ARRAY_BYTE_INDEX_SCALE = 1
      ARRAY_SHORT_INDEX_SCALE = 2
      ARRAY_CHAR_INDEX_SCALE = 2
      ARRAY_INT_INDEX_SCALE = 4
      ARRAY_LONG_INDEX_SCALE = 8
      ARRAY_FLOAT_INDEX_SCALE = 4
      ARRAY_DOUBLE_INDEX_SCALE = 8
      ARRAY_OBJECT_INDEX_SCALE = 4
      ADDRESS_SIZE = 8
    headOffset = 12
    tailOffset = 16
    MAX_ARRAY_SIZE = 2147483639
  _notifiedListeners = class java.util.concurrent.atomic.AtomicBoolean@4fc1af9b
    serialVersionUID = 4654671469794556979
    unsafe = class sun.misc.Unsafe@54dde775
    valueOffset = 12
    value = 0
  serialVersionUID = -296387658814354272
  $$$tc$$$ = class com.ibm.websphere.ras.TraceComponent@d08a49
    strings[0] = "TraceComponent[com.ibm.ws.threading.internal.NonCancelableResultFuture,class com.ibm.ws.threading.internal.NonCancelableResultFuture,[Threading],com.ibm.ws.threading.internal.resources.ThreadingMessages,null]"

