********************************************************************************
product = WebSphere Application Server 17.0.0.4 (wlp-1.0.19.201712061531)
wlp.install.dir = /home/ibmdemo/Student/workspace/microprofile/target/liberty/wlp/
java.home = /usr/lib/jvm/java-8-openjdk-amd64/jre
java.version = 1.8.0_171
java.runtime = OpenJDK Runtime Environment (1.8.0_171-8u171-b11-0ubuntu0.16.04.1-b11)
os = Linux (4.4.0-128-generic; amd64) (en_US)
process = 17178@icpce
********************************************************************************
[7/20/18 10:19:07:310 PDT] 00000001 com.ibm.ws.kernel.launch.internal.FrameworkManager           A CWWKE0001I: The server defaultServer has been launched.
[7/20/18 10:19:07:354 PDT] 00000001 com.ibm.ws.kernel.launch.internal.FrameworkManager           A CWWKE0100I: This product is licensed for development, and limited production use. The full license terms can be viewed here: https://public.dhe.ibm.com/ibmdl/export/pub/software/websphere/wasdev/license/base_ilan/ilan/17.0.0.4/lafiles/en.html
[7/20/18 10:19:09:272 PDT] 00000001 com.ibm.ws.kernel.launch.internal.FrameworkManager           I CWWKE0002I: The kernel started after 2.821 seconds
[7/20/18 10:19:09:312 PDT] 00000017 com.ibm.ws.kernel.feature.internal.FeatureManager            I CWWKF0007I: Feature update started.
[7/20/18 10:19:11:455 PDT] 00000010 com.ibm.ws.security.ready.internal.SecurityReadyServiceImpl  I CWWKS0007I: The security service is starting...
[7/20/18 10:19:12:423 PDT] 00000020 com.ibm.ws.tcpchannel.internal.TCPChannel                    I CWWKO0219I: TCP Channel defaultHttpEndpoint has been started and is now listening for requests on host *  (IPv6) port 9080.
[7/20/18 10:19:12:489 PDT] 00000010 com.ibm.ws.app.manager.internal.monitor.DropinMonitor        A CWWKZ0058I: Monitoring dropins for applications. 
[7/20/18 10:19:12:966 PDT] 00000010 com.ibm.ws.cache.ServerCache                                 I DYNA1001I: WebSphere Dynamic Cache instance named baseCache initialized successfully.
[7/20/18 10:19:12:968 PDT] 00000010 com.ibm.ws.cache.ServerCache                                 I DYNA1071I: The cache provider default is being used.
[7/20/18 10:19:12:969 PDT] 00000010 com.ibm.ws.cache.CacheServiceImpl                            I DYNA1056I: Dynamic Cache (object cache) initialized successfully.
[7/20/18 10:19:13:116 PDT] 00000010 ibm.ws.security.authentication.internal.jaas.JAASServiceImpl I CWWKS1123I: The collective authentication plugin with class name NullCollectiveAuthenticationPlugin has been activated. 
[7/20/18 10:19:13:167 PDT] 0000001e com.ibm.ws.security.token.ltpa.internal.LTPAKeyCreateTask    I CWWKS4105I: LTPA configuration is ready after 0.095 seconds.
[7/20/18 10:19:13:411 PDT] 00000010 com.ibm.ws.security.jwt.internal.ConsumerImpl                I CWWKS6012I: The JSON Web Token (JWT) consumer service is available.
[7/20/18 10:19:13:473 PDT] 00000010 com.ibm.ws.security.jwt.web.JwtEndpointServices              I CWWKS6002I: The JSON Web Token (JWT) endpoint service is available.
[7/20/18 10:19:13:610 PDT] 00000010 com.ibm.ws.security.mp.jwt.impl.MicroProfileJwtServiceImpl   I CWWKS5500I: The MicroProfile JWT configuration [MicroProfileJwtService] was successfully processed.
[7/20/18 10:19:13:779 PDT] 00000010 com.ibm.ws.session.WASSessionCore                            I SESN8501I: The session manager did not find a persistent storage location; HttpSession objects will be stored in the local application server's memory.
[7/20/18 10:19:14:657 PDT] 0000001c com.ibm.ws.app.manager.AppMessageHelper                      I CWWKZ0018I: Starting application microprofile.
[7/20/18 10:19:14:682 PDT] 00000019 com.ibm.ws.app.manager.AppMessageHelper                      I CWWKZ0018I: Starting application javametrics-rest.
[7/20/18 10:19:14:682 PDT] 0000001b com.ibm.ws.app.manager.AppMessageHelper                      I CWWKZ0018I: Starting application javametrics-dash.
[7/20/18 10:19:15:708 PDT] 0000001e com.ibm.ws.webcontainer.osgi.webapp.WebGroup                 I SRVE0169I: Loading Web Module: ibm/api.
[7/20/18 10:19:15:711 PDT] 0000001e com.ibm.ws.webcontainer                                      I SRVE0250I: Web Module ibm/api has been bound to default_host.
[7/20/18 10:19:15:708 PDT] 0000001a com.ibm.ws.webcontainer.osgi.webapp.WebGroup                 I SRVE0169I: Loading Web Module: MicroProfileMetrics.
[7/20/18 10:19:15:712 PDT] 0000001a com.ibm.ws.webcontainer                                      I SRVE0250I: Web Module MicroProfileMetrics has been bound to default_host.
[7/20/18 10:19:15:713 PDT] 0000001e com.ibm.ws.http.internal.VirtualHostImpl                     A CWWKT0016I: Web application available (default_host): http://10.1.153.0:9080/ibm/api/
[7/20/18 10:19:15:706 PDT] 00000020 com.ibm.ws.webcontainer.osgi.webapp.WebGroup                 I SRVE0169I: Loading Web Module: com.ibm.ws.security.jwt.
[7/20/18 10:19:15:708 PDT] 00000027 com.ibm.ws.webcontainer.osgi.webapp.WebGroup                 I SRVE0169I: Loading Web Module: health.
[7/20/18 10:19:15:718 PDT] 00000020 com.ibm.ws.webcontainer                                      I SRVE0250I: Web Module com.ibm.ws.security.jwt has been bound to default_host.
[7/20/18 10:19:15:718 PDT] 00000027 com.ibm.ws.webcontainer                                      I SRVE0250I: Web Module health has been bound to default_host.
[7/20/18 10:19:15:731 PDT] 0000001a com.ibm.ws.http.internal.VirtualHostImpl                     A CWWKT0016I: Web application available (default_host): http://10.1.153.0:9080/metrics/
[7/20/18 10:19:15:731 PDT] 00000027 com.ibm.ws.http.internal.VirtualHostImpl                     A CWWKT0016I: Web application available (default_host): http://10.1.153.0:9080/health/
[7/20/18 10:19:15:731 PDT] 00000020 com.ibm.ws.http.internal.VirtualHostImpl                     A CWWKT0016I: Web application available (default_host): http://10.1.153.0:9080/jwt/
[7/20/18 10:19:15:838 PDT] 0000001e com.ibm.ws.session.WASSessionCore                            I SESN0176I: A new session context will be created for application key default_host/jwt
[7/20/18 10:19:15:914 PDT] 0000001e com.ibm.ws.util                                              I SESN0172I: The session manager is using the Java default SecureRandom implementation for session ID generation.
[7/20/18 10:19:16:056 PDT] 00000029 com.ibm.ws.session.WASSessionCore                            I SESN0176I: A new session context will be created for application key default_host/metrics
[7/20/18 10:19:16:058 PDT] 00000029 com.ibm.ws.util                                              I SESN0172I: The session manager is using the Java default SecureRandom implementation for session ID generation.
[7/20/18 10:19:16:158 PDT] 0000001b org.jboss.weld.Version                                       I WELD-000900: 2.4.5 (Final)
[7/20/18 10:19:16:249 PDT] 00000020 com.ibm.ws.session.WASSessionCore                            I SESN0176I: A new session context will be created for application key default_host/health
[7/20/18 10:19:16:257 PDT] 00000020 com.ibm.ws.util                                              I SESN0172I: The session manager is using the Java default SecureRandom implementation for session ID generation.
[7/20/18 10:19:16:291 PDT] 00000029 com.ibm.ws.cache.CacheServiceImpl                            I DYNA1056I: Dynamic Cache (object cache) initialized successfully.
[7/20/18 10:19:16:328 PDT] 0000001d com.ibm.ws.session.WASSessionCore                            I SESN0176I: A new session context will be created for application key default_host/ibm/api
[7/20/18 10:19:16:329 PDT] 0000001d com.ibm.ws.util                                              I SESN0172I: The session manager is using the Java default SecureRandom implementation for session ID generation.
[7/20/18 10:19:16:586 PDT] 00000029 com.ibm.ws.webcontainer.servlet                              I SRVE0242I: [com.ibm.ws.microprofile.metrics] [/metrics] [MetricsRESTProxyServlet]: Initialization successful.
[7/20/18 10:19:16:783 PDT] 0000001b com.ibm.ws.webcontainer.osgi.webapp.WebGroup                 I SRVE0169I: Loading Web Module: javametrics.web.
[7/20/18 10:19:16:783 PDT] 0000001b com.ibm.ws.webcontainer                                      I SRVE0250I: Web Module javametrics.web has been bound to default_host.
[7/20/18 10:19:16:783 PDT] 0000001b com.ibm.ws.http.internal.VirtualHostImpl                     A CWWKT0016I: Web application available (default_host): http://10.1.153.0:9080/javametrics-dash/
[7/20/18 10:19:16:796 PDT] 0000001b com.ibm.ws.app.manager.AppMessageHelper                      A CWWKZ0001I: Application javametrics-dash started in 2.114 seconds.
[7/20/18 10:19:16:834 PDT] 00000019 com.ibm.ws.webcontainer.osgi.webapp.WebGroup                 I SRVE0169I: Loading Web Module: javametrics-api.
[7/20/18 10:19:16:834 PDT] 00000019 com.ibm.ws.webcontainer                                      I SRVE0250I: Web Module javametrics-api has been bound to default_host.
[7/20/18 10:19:16:835 PDT] 00000019 com.ibm.ws.http.internal.VirtualHostImpl                     A CWWKT0016I: Web application available (default_host): http://10.1.153.0:9080/javametrics/
[7/20/18 10:19:16:835 PDT] 00000019 com.ibm.ws.app.manager.AppMessageHelper                      A CWWKZ0001I: Application javametrics-rest started in 2.153 seconds.
[7/20/18 10:19:16:862 PDT] 00000020 com.ibm.ws.session.WASSessionCore                            I SESN0176I: A new session context will be created for application key default_host/javametrics-dash
[7/20/18 10:19:16:865 PDT] 00000020 com.ibm.ws.util                                              I SESN0172I: The session manager is using the Java default SecureRandom implementation for session ID generation.
[7/20/18 10:19:16:858 PDT] 0000001a com.ibm.ws.session.WASSessionCore                            I SESN0176I: A new session context will be created for application key default_host/javametrics
[7/20/18 10:19:16:869 PDT] 0000001a com.ibm.ws.util                                              I SESN0172I: The session manager is using the Java default SecureRandom implementation for session ID generation.
[7/20/18 10:19:16:991 PDT] 00000020 com.ibm.ws.wsoc.EndpointManager                              I CWWKH0046I: Adding a WebSocket ServerEndpoint with the following URI: /javametrics-socket
[7/20/18 10:19:17:374 PDT] 0000001e com.ibm.ws.webcontainer.osgi.mbeans.PluginGenerator          I SRVE9103I: A configuration file for a web server plugin was automatically generated for this server at /home/ibmdemo/Student/workspace/microprofile/target/liberty/wlp/usr/servers/defaultServer/logs/state/plugin-cfg.xml.
[7/20/18 10:19:17:981 PDT] 0000001c SystemOut                                                    O user.dir: /home/ibmdemo/Student/workspace/microprofile/target/liberty/wlp/usr/servers/defaultServer
[7/20/18 10:19:17:982 PDT] 0000001c SystemOut                                                    O File: /home/ibmdemo/Student/workspace/microprofile/resources/CustomConfigSource.json
[7/20/18 10:19:18:510 PDT] 0000001c com.ibm.ws.webcontainer.osgi.webapp.WebGroup                 I SRVE0169I: Loading Web Module: microprofile-1.0-SNAPSHOT.
[7/20/18 10:19:18:510 PDT] 0000001c com.ibm.ws.webcontainer                                      I SRVE0250I: Web Module microprofile-1.0-SNAPSHOT has been bound to default_host.
[7/20/18 10:19:18:510 PDT] 0000001c com.ibm.ws.http.internal.VirtualHostImpl                     A CWWKT0016I: Web application available (default_host): http://10.1.153.0:9080/microprofile/
[7/20/18 10:19:18:513 PDT] 00000019 com.ibm.ws.session.WASSessionCore                            I SESN0176I: A new session context will be created for application key default_host/microprofile
[7/20/18 10:19:18:513 PDT] 00000019 com.ibm.ws.util                                              I SESN0172I: The session manager is using the Java default SecureRandom implementation for session ID generation.
[7/20/18 10:19:18:534 PDT] 0000001c com.ibm.ws.app.manager.AppMessageHelper                      A CWWKZ0001I: Application microprofile started in 3.881 seconds.
[7/20/18 10:19:18:556 PDT] 00000017 com.ibm.ws.kernel.feature.internal.FeatureManager            A CWWKF0012I: The server installed the following features: [microProfile-1.2, jsp-2.3, managedBeans-1.0, mpFaultTolerance-1.0, servlet-3.1, ssl-1.0, jndi-1.0, mpHealth-1.0, localConnector-1.0, appSecurity-2.0, jsonp-1.0, mpConfig-1.1, jaxrs-2.0, el-3.0, jaxrsClient-2.0, concurrent-1.0, jwt-1.0, mpMetrics-1.0, mpJwt-1.0, json-1.0, cdi-1.2, distributedMap-1.0, websocket-1.1].
[7/20/18 10:19:18:557 PDT] 00000017 com.ibm.ws.kernel.feature.internal.FeatureManager            I CWWKF0008I: Feature update completed in 9.284 seconds.
[7/20/18 10:19:18:557 PDT] 00000017 com.ibm.ws.kernel.feature.internal.FeatureManager            A CWWKF0011I: The server defaultServer is ready to run a smarter planet.
[7/20/18 10:19:18:619 PDT] 0000001d com.ibm.ws.webcontainer.osgi.mbeans.PluginGenerator          I SRVE9103I: A configuration file for a web server plugin was automatically generated for this server at /home/ibmdemo/Student/workspace/microprofile/target/liberty/wlp/usr/servers/defaultServer/logs/state/plugin-cfg.xml.
[7/20/18 10:19:36:716 PDT] 00000019 .jaxrs20.cdi.component.JaxRsFactoryImplicitBeanCDICustomizer W CWWKW1001W: The scope PerRequest of JAXRS-2.0 Resource BookEndpoint does not match the CDI scope javax.enterprise.context.ApplicationScoped. Liberty gets resource instance from CDI.
[7/20/18 10:19:36:718 PDT] 00000019 .jaxrs20.cdi.component.JaxRsFactoryImplicitBeanCDICustomizer W CWWKW1002W: The CDI scope of JAXRS-2.0 Provider BookListMessageBodyWriter is javax.enterprise.context.Dependent. Liberty gets the provider instance from CDI.
[7/20/18 10:19:36:718 PDT] 00000019 .jaxrs20.cdi.component.JaxRsFactoryImplicitBeanCDICustomizer W CWWKW1002W: The CDI scope of JAXRS-2.0 Provider BookMessageBodyReader is javax.enterprise.context.Dependent. Liberty gets the provider instance from CDI.
[7/20/18 10:19:36:719 PDT] 00000019 .jaxrs20.cdi.component.JaxRsFactoryImplicitBeanCDICustomizer W CWWKW1002W: The CDI scope of JAXRS-2.0 Provider BookMessageBodyWriter is javax.enterprise.context.Dependent. Liberty gets the provider instance from CDI.
[7/20/18 10:19:36:765 PDT] 00000019 cb1[com.ibm.ws.jaxrs.2.0.common:1.0.19.201712061602(id=188)] W No resource methods have been found for resource class application.microprofile.HealthEndpoint
[7/20/18 10:19:36:837 PDT] 00000019 cb1[com.ibm.ws.jaxrs.2.0.common:1.0.19.201712061602(id=188)] I Setting the server's publish address to be /
[7/20/18 10:19:37:703 PDT] 00000019 com.ibm.ws.webcontainer.servlet                              I SRVE0242I: [microprofile] [/microprofile] [application.microprofile.JaxrsApplication]: Initialization successful.
[7/20/18 10:19:37:910 PDT] 00000019 SystemOut                                                    O user.dir: /home/ibmdemo/Student/workspace/microprofile/target/liberty/wlp/usr/servers/defaultServer
[7/20/18 10:19:37:911 PDT] 00000019 SystemOut                                                    O File: /home/ibmdemo/Student/workspace/microprofile/resources/CustomConfigSource.json
[7/20/18 10:19:37:914 PDT] 00000019 SystemOut                                                    O Number of books in catalog: 2
[7/20/18 10:19:40:194 PDT] 0000001b com.ibm.ws.webcontainer.servlet                              I SRVE0242I: [com.ibm.ws.microprofile.health] [/health] [HealthCheckServlet]: Initialization successful.
[7/20/18 10:19:40:424 PDT] 0000001b SystemOut                                                    O Number of books in catalog: 2
[7/20/18 10:19:40:427 PDT] 0000001b SystemOut                                                    O Number of books in catalog: 2
[7/20/18 10:19:56:161 PDT] 00000017 SystemOut                                                    O Number of books in catalog: 2
[7/20/18 10:19:56:163 PDT] 00000017 SystemOut                                                    O Number of books in catalog: 2
[7/20/18 10:19:56:166 PDT] 00000017 .ibm.ws.microprofile.health.services.impl.HealthExecutorImpl W CWMH0051W: The class com.ibm.ws.microprofile.health.impl.HealthCheckResponseImpl implementing HealthCheckResponse in the microprofile application in module microprofile-1.0-SNAPSHOT.war, reported a DOWN outcome DOWN with data Optional[{BookCatalogSizetest=2, IsHealthy=false}].
[7/20/18 10:20:08:245 PDT] 00000035 SystemOut                                                    O Number of books in catalog: 2
[7/20/18 10:20:08:246 PDT] 00000035 SystemOut                                                    O Number of books in catalog: 2
[7/20/18 10:20:13:218 PDT] 0000003b com.ibm.ws.ssl.internal.SSLConfigValidator                   A CWPKI0817A: The default SSL configuration expects a <keyStore> element with an id value of defaultKeyStore, and a password. The defaultKeyStore <keyStore> element is missing, or the password is not specified. Either define the missing element: <keyStore id="defaultKeyStore" password="yourpassword" />, or change the default SSL configuration to use an existing keystore. See the following example: <ssl id="defaultSSLConfig" keyStoreRef="newKeyStore" />.
[7/20/18 10:21:46:891 PDT] 00000050 com.ibm.ws.http.internal.VirtualHostImpl                     A CWWKT0017I: Web application removed (default_host): http://10.1.153.0:9080/microprofile/
[7/20/18 10:21:46:895 PDT] 00000050 com.ibm.ws.webcontainer.servlet                              I SRVE0253I: [microprofile] [/microprofile] [application.microprofile.JaxrsApplication]: Destroy successful.
[7/20/18 10:21:46:947 PDT] 00000050 com.ibm.ws.app.manager.AppMessageHelper                      A CWWKZ0009I: The application microprofile has stopped successfully.
[7/20/18 10:21:46:961 PDT] 00000050 com.ibm.ws.app.manager.AppMessageHelper                      I CWWKZ0018I: Starting application microprofile.
[7/20/18 10:21:47:024 PDT] 00000056 com.ibm.ws.webcontainer.osgi.mbeans.PluginGenerator          I SRVE9103I: A configuration file for a web server plugin was automatically generated for this server at /home/ibmdemo/Student/workspace/microprofile/target/liberty/wlp/usr/servers/defaultServer/logs/state/plugin-cfg.xml.
[7/20/18 10:21:47:358 PDT] 00000050 SystemOut                                                    O user.dir: /home/ibmdemo/Student/workspace/microprofile/target/liberty/wlp/usr/servers/defaultServer
[7/20/18 10:21:47:359 PDT] 00000050 SystemOut                                                    O File: /home/ibmdemo/Student/workspace/microprofile/resources/CustomConfigSource.json
[7/20/18 10:21:47:540 PDT] 00000050 com.ibm.ws.webcontainer.osgi.webapp.WebGroup                 I SRVE0169I: Loading Web Module: microprofile-1.0-SNAPSHOT.
[7/20/18 10:21:47:540 PDT] 00000050 com.ibm.ws.webcontainer                                      I SRVE0250I: Web Module microprofile-1.0-SNAPSHOT has been bound to default_host.
[7/20/18 10:21:47:540 PDT] 00000050 com.ibm.ws.http.internal.VirtualHostImpl                     A CWWKT0016I: Web application available (default_host): http://10.1.153.0:9080/microprofile/
[7/20/18 10:21:47:543 PDT] 00000050 com.ibm.ws.app.manager.AppMessageHelper                      A CWWKZ0003I: The application microprofile updated in 0.582 seconds.
[7/20/18 10:21:47:548 PDT] 00000052 com.ibm.ws.session.WASSessionCore                            I SESN0176I: A new session context will be created for application key default_host/microprofile
[7/20/18 10:21:47:548 PDT] 00000052 com.ibm.ws.util                                              I SESN0172I: The session manager is using the Java default SecureRandom implementation for session ID generation.
[7/20/18 10:21:47:683 PDT] 00000056 com.ibm.ws.webcontainer.osgi.mbeans.PluginGenerator          I SRVE9103I: A configuration file for a web server plugin was automatically generated for this server at /home/ibmdemo/Student/workspace/microprofile/target/liberty/wlp/usr/servers/defaultServer/logs/state/plugin-cfg.xml.
