********************************************************************************
product = WebSphere Application Server 17.0.0.4 (wlp-1.0.19.201712061531)
wlp.install.dir = /home/ibmdemo/Student/workspace/microprofile/target/liberty/wlp/
java.home = /usr/lib/jvm/java-8-openjdk-amd64/jre
java.version = 1.8.0_171
java.runtime = OpenJDK Runtime Environment (1.8.0_171-8u171-b11-0ubuntu0.16.04.1-b11)
os = Linux (4.4.0-128-generic; amd64) (en_US)
process = 15677@icpce
********************************************************************************
[7/20/18 10:18:40:129 PDT] 00000001 com.ibm.ws.kernel.launch.internal.FrameworkManager           A CWWKE0001I: The server defaultServer has been launched.
[7/20/18 10:18:40:145 PDT] 00000001 com.ibm.ws.kernel.launch.internal.FrameworkManager           A CWWKE0100I: This product is licensed for development, and limited production use. The full license terms can be viewed here: https://public.dhe.ibm.com/ibmdl/export/pub/software/websphere/wasdev/license/base_ilan/ilan/17.0.0.4/lafiles/en.html
[7/20/18 10:18:41:796 PDT] 00000001 com.ibm.ws.kernel.launch.internal.FrameworkManager           I CWWKE0002I: The kernel started after 1.93 seconds
[7/20/18 10:18:41:844 PDT] 00000017 com.ibm.ws.kernel.feature.internal.FeatureManager            I CWWKF0007I: Feature update started.
[7/20/18 10:18:43:896 PDT] 00000010 com.ibm.ws.security.ready.internal.SecurityReadyServiceImpl  I CWWKS0007I: The security service is starting...
[7/20/18 10:18:44:752 PDT] 0000001f com.ibm.ws.tcpchannel.internal.TCPChannel                    I CWWKO0219I: TCP Channel defaultHttpEndpoint has been started and is now listening for requests on host *  (IPv6) port 9080.
[7/20/18 10:18:44:833 PDT] 00000010 com.ibm.ws.app.manager.internal.monitor.DropinMonitor        A CWWKZ0058I: Monitoring dropins for applications. 
[7/20/18 10:18:45:274 PDT] 00000010 com.ibm.ws.cache.ServerCache                                 I DYNA1001I: WebSphere Dynamic Cache instance named baseCache initialized successfully.
[7/20/18 10:18:45:278 PDT] 00000010 com.ibm.ws.cache.ServerCache                                 I DYNA1071I: The cache provider default is being used.
[7/20/18 10:18:45:279 PDT] 00000010 com.ibm.ws.cache.CacheServiceImpl                            I DYNA1056I: Dynamic Cache (object cache) initialized successfully.
[7/20/18 10:18:45:508 PDT] 00000020 com.ibm.ws.security.token.ltpa.internal.LTPAKeyCreateTask    I CWWKS4105I: LTPA configuration is ready after 0.060 seconds.
[7/20/18 10:18:45:521 PDT] 00000010 ibm.ws.security.authentication.internal.jaas.JAASServiceImpl I CWWKS1123I: The collective authentication plugin with class name NullCollectiveAuthenticationPlugin has been activated. 
[7/20/18 10:18:45:974 PDT] 00000010 com.ibm.ws.security.jwt.internal.ConsumerImpl                I CWWKS6012I: The JSON Web Token (JWT) consumer service is available.
[7/20/18 10:18:46:010 PDT] 00000010 com.ibm.ws.security.jwt.web.JwtEndpointServices              I CWWKS6002I: The JSON Web Token (JWT) endpoint service is available.
[7/20/18 10:18:46:243 PDT] 00000010 com.ibm.ws.security.mp.jwt.impl.MicroProfileJwtServiceImpl   I CWWKS5500I: The MicroProfile JWT configuration [MicroProfileJwtService] was successfully processed.
[7/20/18 10:18:46:493 PDT] 00000010 com.ibm.ws.session.WASSessionCore                            I SESN8501I: The session manager did not find a persistent storage location; HttpSession objects will be stored in the local application server's memory.
[7/20/18 10:18:47:475 PDT] 00000019 com.ibm.ws.app.manager.AppMessageHelper                      I CWWKZ0018I: Starting application javametrics-rest.
[7/20/18 10:18:47:476 PDT] 0000001f com.ibm.ws.app.manager.AppMessageHelper                      I CWWKZ0018I: Starting application javametrics-dash.
[7/20/18 10:18:47:477 PDT] 0000001a com.ibm.ws.app.manager.AppMessageHelper                      I CWWKZ0018I: Starting application microprofile.
[7/20/18 10:18:48:300 PDT] 0000001b com.ibm.ws.webcontainer.osgi.webapp.WebGroup                 I SRVE0169I: Loading Web Module: com.ibm.ws.security.jwt.
[7/20/18 10:18:48:305 PDT] 0000001b com.ibm.ws.webcontainer                                      I SRVE0250I: Web Module com.ibm.ws.security.jwt has been bound to default_host.
[7/20/18 10:18:48:306 PDT] 0000001b com.ibm.ws.http.internal.VirtualHostImpl                     A CWWKT0016I: Web application available (default_host): http://10.1.153.0:9080/jwt/
[7/20/18 10:18:48:313 PDT] 0000001c com.ibm.ws.webcontainer.osgi.webapp.WebGroup                 I SRVE0169I: Loading Web Module: ibm/api.
[7/20/18 10:18:48:313 PDT] 0000001c com.ibm.ws.webcontainer                                      I SRVE0250I: Web Module ibm/api has been bound to default_host.
[7/20/18 10:18:48:315 PDT] 0000001c com.ibm.ws.http.internal.VirtualHostImpl                     A CWWKT0016I: Web application available (default_host): http://10.1.153.0:9080/ibm/api/
[7/20/18 10:18:48:315 PDT] 00000020 com.ibm.ws.webcontainer.osgi.webapp.WebGroup                 I SRVE0169I: Loading Web Module: health.
[7/20/18 10:18:48:315 PDT] 00000020 com.ibm.ws.webcontainer                                      I SRVE0250I: Web Module health has been bound to default_host.
[7/20/18 10:18:48:315 PDT] 0000001d com.ibm.ws.webcontainer.osgi.webapp.WebGroup                 I SRVE0169I: Loading Web Module: MicroProfileMetrics.
[7/20/18 10:18:48:315 PDT] 00000020 com.ibm.ws.http.internal.VirtualHostImpl                     A CWWKT0016I: Web application available (default_host): http://10.1.153.0:9080/health/
[7/20/18 10:18:48:315 PDT] 0000001d com.ibm.ws.webcontainer                                      I SRVE0250I: Web Module MicroProfileMetrics has been bound to default_host.
[7/20/18 10:18:48:315 PDT] 0000001d com.ibm.ws.http.internal.VirtualHostImpl                     A CWWKT0016I: Web application available (default_host): http://10.1.153.0:9080/metrics/
[7/20/18 10:18:48:381 PDT] 0000001d com.ibm.ws.session.WASSessionCore                            I SESN0176I: A new session context will be created for application key default_host/jwt
[7/20/18 10:18:48:404 PDT] 0000001d com.ibm.ws.util                                              I SESN0172I: The session manager is using the Java default SecureRandom implementation for session ID generation.
[7/20/18 10:18:48:553 PDT] 00000028 com.ibm.ws.session.WASSessionCore                            I SESN0176I: A new session context will be created for application key default_host/metrics
[7/20/18 10:18:48:562 PDT] 00000028 com.ibm.ws.util                                              I SESN0172I: The session manager is using the Java default SecureRandom implementation for session ID generation.
[7/20/18 10:18:48:569 PDT] 00000020 com.ibm.ws.session.WASSessionCore                            I SESN0176I: A new session context will be created for application key default_host/ibm/api
[7/20/18 10:18:48:569 PDT] 00000020 com.ibm.ws.util                                              I SESN0172I: The session manager is using the Java default SecureRandom implementation for session ID generation.
[7/20/18 10:18:48:613 PDT] 0000001c com.ibm.ws.session.WASSessionCore                            I SESN0176I: A new session context will be created for application key default_host/health
[7/20/18 10:18:48:613 PDT] 0000001c com.ibm.ws.util                                              I SESN0172I: The session manager is using the Java default SecureRandom implementation for session ID generation.
[7/20/18 10:18:48:624 PDT] 0000001c com.ibm.ws.cache.CacheServiceImpl                            I DYNA1056I: Dynamic Cache (object cache) initialized successfully.
[7/20/18 10:18:48:753 PDT] 00000019 org.jboss.weld.Version                                       I WELD-000900: 2.4.5 (Final)
[7/20/18 10:18:48:765 PDT] 00000028 com.ibm.ws.webcontainer.servlet                              I SRVE0242I: [com.ibm.ws.microprofile.metrics] [/metrics] [MetricsRESTProxyServlet]: Initialization successful.
[7/20/18 10:18:49:036 PDT] 0000001f com.ibm.ws.webcontainer.osgi.webapp.WebGroup                 I SRVE0169I: Loading Web Module: javametrics.web.
[7/20/18 10:18:49:036 PDT] 0000001f com.ibm.ws.webcontainer                                      I SRVE0250I: Web Module javametrics.web has been bound to default_host.
[7/20/18 10:18:49:036 PDT] 0000001f com.ibm.ws.http.internal.VirtualHostImpl                     A CWWKT0016I: Web application available (default_host): http://10.1.153.0:9080/javametrics-dash/
[7/20/18 10:18:49:058 PDT] 0000001f com.ibm.ws.app.manager.AppMessageHelper                      A CWWKZ0001I: Application javametrics-dash started in 1.583 seconds.
[7/20/18 10:18:49:096 PDT] 0000001c com.ibm.ws.session.WASSessionCore                            I SESN0176I: A new session context will be created for application key default_host/javametrics-dash
[7/20/18 10:18:49:096 PDT] 0000001c com.ibm.ws.util                                              I SESN0172I: The session manager is using the Java default SecureRandom implementation for session ID generation.
[7/20/18 10:18:49:097 PDT] 00000019 com.ibm.ws.webcontainer.osgi.webapp.WebGroup                 I SRVE0169I: Loading Web Module: javametrics-api.
[7/20/18 10:18:49:098 PDT] 00000019 com.ibm.ws.webcontainer                                      I SRVE0250I: Web Module javametrics-api has been bound to default_host.
[7/20/18 10:18:49:098 PDT] 00000019 com.ibm.ws.http.internal.VirtualHostImpl                     A CWWKT0016I: Web application available (default_host): http://10.1.153.0:9080/javametrics/
[7/20/18 10:18:49:109 PDT] 00000019 com.ibm.ws.app.manager.AppMessageHelper                      A CWWKZ0001I: Application javametrics-rest started in 1.634 seconds.
[7/20/18 10:18:49:113 PDT] 00000028 com.ibm.ws.session.WASSessionCore                            I SESN0176I: A new session context will be created for application key default_host/javametrics
[7/20/18 10:18:49:113 PDT] 00000028 com.ibm.ws.util                                              I SESN0172I: The session manager is using the Java default SecureRandom implementation for session ID generation.
[7/20/18 10:18:49:149 PDT] 0000001c com.ibm.ws.wsoc.EndpointManager                              I CWWKH0046I: Adding a WebSocket ServerEndpoint with the following URI: /javametrics-socket
[7/20/18 10:18:49:579 PDT] 00000020 com.ibm.ws.webcontainer.osgi.mbeans.PluginGenerator          I SRVE9103I: A configuration file for a web server plugin was automatically generated for this server at /home/ibmdemo/Student/workspace/microprofile/target/liberty/wlp/usr/servers/defaultServer/logs/state/plugin-cfg.xml.
[7/20/18 10:18:49:959 PDT] 0000001a SystemOut                                                    O user.dir: /home/ibmdemo/Student/workspace/microprofile/target/liberty/wlp/usr/servers/defaultServer
[7/20/18 10:18:49:959 PDT] 0000001a SystemOut                                                    O File: /home/ibmdemo/Student/workspace/microprofile/resources/CustomConfigSource.json
[7/20/18 10:18:50:532 PDT] 0000001a com.ibm.ws.webcontainer.osgi.webapp.WebGroup                 I SRVE0169I: Loading Web Module: microprofile-1.0-SNAPSHOT.
[7/20/18 10:18:50:532 PDT] 0000001a com.ibm.ws.webcontainer                                      I SRVE0250I: Web Module microprofile-1.0-SNAPSHOT has been bound to default_host.
[7/20/18 10:18:50:532 PDT] 0000001a com.ibm.ws.http.internal.VirtualHostImpl                     A CWWKT0016I: Web application available (default_host): http://10.1.153.0:9080/microprofile/
[7/20/18 10:18:50:537 PDT] 0000001f com.ibm.ws.session.WASSessionCore                            I SESN0176I: A new session context will be created for application key default_host/microprofile
[7/20/18 10:18:50:537 PDT] 0000001f com.ibm.ws.util                                              I SESN0172I: The session manager is using the Java default SecureRandom implementation for session ID generation.
[7/20/18 10:18:50:567 PDT] 0000001a com.ibm.ws.app.manager.AppMessageHelper                      A CWWKZ0001I: Application microprofile started in 3.089 seconds.
[7/20/18 10:18:50:596 PDT] 00000017 com.ibm.ws.kernel.feature.internal.FeatureManager            A CWWKF0012I: The server installed the following features: [microProfile-1.2, jsp-2.3, managedBeans-1.0, mpFaultTolerance-1.0, servlet-3.1, ssl-1.0, jndi-1.0, mpHealth-1.0, localConnector-1.0, appSecurity-2.0, jsonp-1.0, mpConfig-1.1, jaxrs-2.0, el-3.0, jaxrsClient-2.0, concurrent-1.0, jwt-1.0, mpMetrics-1.0, mpJwt-1.0, json-1.0, cdi-1.2, distributedMap-1.0, websocket-1.1].
[7/20/18 10:18:50:597 PDT] 00000017 com.ibm.ws.kernel.feature.internal.FeatureManager            I CWWKF0008I: Feature update completed in 8.800 seconds.
[7/20/18 10:18:50:598 PDT] 00000017 com.ibm.ws.kernel.feature.internal.FeatureManager            A CWWKF0011I: The server defaultServer is ready to run a smarter planet.
[7/20/18 10:18:50:628 PDT] 00000028 com.ibm.ws.webcontainer.osgi.mbeans.PluginGenerator          I SRVE9103I: A configuration file for a web server plugin was automatically generated for this server at /home/ibmdemo/Student/workspace/microprofile/target/liberty/wlp/usr/servers/defaultServer/logs/state/plugin-cfg.xml.
[7/20/18 10:19:01:212 PDT] 00000033 com.ibm.ws.runtime.update.internal.RuntimeUpdateManagerImpl  A CWWKE1100I: Waiting for up to 30 seconds for the server to quiesce.
[7/20/18 10:19:01:252 PDT] 00000034 com.ibm.ws.tcpchannel.internal.TCPChannel                    I CWWKO0220I: TCP Channel defaultHttpEndpoint has stopped listening for requests on host *  (IPv6) port 9080.
[7/20/18 10:19:01:263 PDT] 00000034 com.ibm.ws.http.internal.VirtualHostImpl                     A CWWKT0017I: Web application removed (default_host): http://10.1.153.0:9080/jwt/
[7/20/18 10:19:01:264 PDT] 00000034 com.ibm.ws.http.internal.VirtualHostImpl                     A CWWKT0017I: Web application removed (default_host): http://10.1.153.0:9080/javametrics-dash/
[7/20/18 10:19:01:264 PDT] 00000034 com.ibm.ws.http.internal.VirtualHostImpl                     A CWWKT0017I: Web application removed (default_host): http://10.1.153.0:9080/microprofile/
[7/20/18 10:19:01:264 PDT] 00000034 com.ibm.ws.http.internal.VirtualHostImpl                     A CWWKT0017I: Web application removed (default_host): http://10.1.153.0:9080/health/
[7/20/18 10:19:01:264 PDT] 00000034 com.ibm.ws.http.internal.VirtualHostImpl                     A CWWKT0017I: Web application removed (default_host): http://10.1.153.0:9080/metrics/
[7/20/18 10:19:01:264 PDT] 00000034 com.ibm.ws.http.internal.VirtualHostImpl                     A CWWKT0017I: Web application removed (default_host): http://10.1.153.0:9080/ibm/api/
[7/20/18 10:19:01:265 PDT] 00000034 com.ibm.ws.http.internal.VirtualHostImpl                     A CWWKT0017I: Web application removed (default_host): http://10.1.153.0:9080/javametrics/
[7/20/18 10:19:01:271 PDT] 00000033 com.ibm.ws.runtime.update.internal.RuntimeUpdateManagerImpl  I CWWKE1101I: Server quiesce complete.
[7/20/18 10:19:01:424 PDT] 0000002f com.ibm.ws.app.manager.AppMessageHelper                      A CWWKZ0009I: The application javametrics-rest has stopped successfully.
[7/20/18 10:19:01:427 PDT] 00000019 com.ibm.ws.app.manager.AppMessageHelper                      A CWWKZ0009I: The application javametrics-dash has stopped successfully.
[7/20/18 10:19:01:500 PDT] 0000001d com.ibm.ws.app.manager.AppMessageHelper                      A CWWKZ0009I: The application microprofile has stopped successfully.
[7/20/18 10:19:01:636 PDT] 00000033 com.ibm.ws.webcontainer.servlet                              I SRVE0253I: [com.ibm.ws.microprofile.metrics] [/metrics] [MetricsRESTProxyServlet]: Destroy successful.
[7/20/18 10:19:01:886 PDT] 00000033 com.ibm.ws.security.mp.jwt.impl.MicroProfileJwtServiceImpl   I CWWKS5502I: The MicroProfile JWT configuration [MicroProfileJwtService] was successfully deactivated.
[7/20/18 10:19:02:004 PDT] 00000033 com.ibm.ws.security.ready.internal.SecurityReadyServiceImpl  I CWWKS0009I: The security service has stopped.
[7/20/18 10:19:02:068 PDT] 00000033 ibm.ws.security.authentication.internal.jaas.JAASServiceImpl I CWWKS1124I: The collective authentication plugin with class name NullCollectiveAuthenticationPlugin has been deactivated. 
[7/20/18 10:19:02:646 PDT] 00000001 com.ibm.ws.kernel.launch.internal.FrameworkManager           A CWWKE0036I: The server defaultServer stopped after 22.781 seconds.
